Using pre-set license
Built from '2020.3/release' branch; Version is '2020.3.1f1 (77a89f25062f) revision 7841951'; Using compiler version '192528614'; Build Type 'Release'
OS: 'Windows 10 Pro; OS build 19042.1237; Version 2009; 64bit' Language: 'en' Physical Memory: 16323 MB
BatchMode: 1, IsHumanControllingUs: 0, StartBugReporterOnCrash: 0, Is64bit: 1, IsPro: 0

 COMMAND LINE ARGUMENTS:
D:\2020.3.1f1\Editor\Unity.exe
-adb2
-batchMode
-noUpm
-name
AssetImportWorker0
-projectPath
D:/UnityProjects/Ludum Dare/Stabilizer
-logFile
Logs/AssetImportWorker0.log
-srvPort
51652
Successfully changed project path to: D:/UnityProjects/Ludum Dare/Stabilizer
D:/UnityProjects/Ludum Dare/Stabilizer
Using Asset Import Pipeline V2.
Refreshing native plugins compatible for Editor in 54.24 ms, found 0 plugins.
Preloading 0 native plugins for Editor in 0.00 ms.
Initialize engine version: 2020.3.1f1 (77a89f25062f)
[Subsystems] Discovering subsystems at path D:/2020.3.1f1/Editor/Data/Resources/UnitySubsystems
[Subsystems] Discovering subsystems at path D:/UnityProjects/Ludum Dare/Stabilizer/Assets
GfxDevice: creating device client; threaded=0
Direct3D:
    Version:  Direct3D 11.0 [level 11.1]
    Renderer: NVIDIA GeForce GTX 950 (ID=0x1402)
    Vendor:   
    VRAM:     2007 MB
    Driver:   30.0.14.7212
Initialize mono
Mono path[0] = 'D:/2020.3.1f1/Editor/Data/Managed'
Mono path[1] = 'D:/2020.3.1f1/Editor/Data/MonoBleedingEdge/lib/mono/unityjit'
Mono config path = 'D:/2020.3.1f1/Editor/Data/MonoBleedingEdge/etc'
Using monoOptions --debugger-agent=transport=dt_socket,embedding=1,server=y,suspend=n,address=127.0.0.1:56192
Begin MonoManager ReloadAssembly
Registering precompiled unity dll's ...
Register platform support module: D:/2020.3.1f1/Editor/Data/PlaybackEngines/WebGLSupport/UnityEditor.WebGL.Extensions.dll
Register platform support module: D:/2020.3.1f1/Editor/Data/PlaybackEngines/WindowsStandaloneSupport/UnityEditor.WindowsStandalone.Extensions.dll
Registered in 0.001416 seconds.
Native extension for WindowsStandalone target not found
Native extension for WebGL target not found
Refreshing native plugins compatible for Editor in 45.40 ms, found 0 plugins.
Preloading 0 native plugins for Editor in 0.00 ms.
Invoked RoslynAnalysisRunner static constructor.
RoslynAnalysisRunner will not be running.
RoslynAnalysisRunner has terminated.
Mono: successfully reloaded assembly
- Completed reload, in  1.935 seconds
Platform modules already initialized, skipping
Registering precompiled user dll's ...
Registered in 0.001091 seconds.
Begin MonoManager ReloadAssembly
Native extension for WindowsStandalone target not found
Native extension for WebGL target not found
Refreshing native plugins compatible for Editor in 49.40 ms, found 0 plugins.
Preloading 0 native plugins for Editor in 0.00 ms.
Invoked RoslynAnalysisRunner static constructor.
RoslynAnalysisRunner will not be running.
RoslynAnalysisRunner has terminated.
Mono: successfully reloaded assembly
- Completed reload, in  1.038 seconds
Platform modules already initialized, skipping
========================================================================
Worker process is ready to serve import requests
Shader 'Universal Render Pipeline/Particles/Lit': fallback shader 'Universal Render Pipeline/Particles/SimpleLit' not found
Shader 'Universal Render Pipeline/Particles/Lit': fallback shader 'Universal Render Pipeline/Particles/SimpleLit' not found
Launched and connected shader compiler UnityShaderCompiler.exe after 0.06 seconds
Refreshing native plugins compatible for Editor in 0.40 ms, found 0 plugins.
Preloading 0 native plugins for Editor in 0.00 ms.
Unloading 2419 Unused Serialized files (Serialized files now loaded: 0)
System memory in use before: 112.0 MB.
System memory in use after: 110.2 MB.

Unloading 40 unused Assets to reduce memory usage. Loaded Objects now: 2832.
Total: 3.178800 ms (FindLiveObjects: 0.233200 ms CreateObjectMapping: 0.124200 ms MarkObjects: 1.774600 ms  DeleteObjects: 1.045300 ms)

========================================================================
Received Import Request.
  path: Assets/Scripts/CameraController.cs
  artifactKey: Guid(9d36746a185657a4bb47eb45df2391ea) Importer(815301076,1909f56bfc062723c751e8b465ee728b)
Start importing Assets/Scripts/CameraController.cs using Guid(9d36746a185657a4bb47eb45df2391ea) Importer(815301076,1909f56bfc062723c751e8b465ee728b)  -> (artifact id: 'bbbdc3742cdcdcf9956c7696fdf4a1b2') in 0.047291 seconds
  Import took 0.079673 seconds .

========================================================================
Received Import Request.
  Time since last request: 233.203581 seconds.
  path: Assets/Scripts/CameraController.cs
  artifactKey: Guid(9d36746a185657a4bb47eb45df2391ea) Importer(815301076,1909f56bfc062723c751e8b465ee728b)
Start importing Assets/Scripts/CameraController.cs using Guid(9d36746a185657a4bb47eb45df2391ea) Importer(815301076,1909f56bfc062723c751e8b465ee728b)  -> (artifact id: '46d60afc9b1a21029bb6e4adf28ce998') in 0.011271 seconds
  Import took 0.038948 seconds .

========================================================================
Received Prepare
Registering precompiled user dll's ...
Registered in 0.001412 seconds.
Begin MonoManager ReloadAssembly
Native extension for WindowsStandalone target not found
Native extension for WebGL target not found
Refreshing native plugins compatible for Editor in 0.36 ms, found 0 plugins.
Preloading 0 native plugins for Editor in 0.00 ms.
Invoked RoslynAnalysisRunner static constructor.
RoslynAnalysisRunner will not be running.
RoslynAnalysisRunner has terminated.
Mono: successfully reloaded assembly
- Completed reload, in  0.930 seconds
Platform modules already initialized, skipping
Shader 'Universal Render Pipeline/Particles/Lit': fallback shader 'Universal Render Pipeline/Particles/SimpleLit' not found
Shader 'Universal Render Pipeline/Particles/Lit': fallback shader 'Universal Render Pipeline/Particles/SimpleLit' not found
Refreshing native plugins compatible for Editor in 0.36 ms, found 0 plugins.
Preloading 0 native plugins for Editor in 0.00 ms.
Unloading 2339 Unused Serialized files (Serialized files now loaded: 0)
System memory in use before: 108.5 MB.
System memory in use after: 106.7 MB.

Unloading 35 unused Assets to reduce memory usage. Loaded Objects now: 2835.
Total: 4.123100 ms (FindLiveObjects: 0.312300 ms CreateObjectMapping: 0.155900 ms MarkObjects: 2.400200 ms  DeleteObjects: 1.253700 ms)

========================================================================
Received Prepare
Registering precompiled user dll's ...
Registered in 0.001234 seconds.
Begin MonoManager ReloadAssembly
Native extension for WindowsStandalone target not found
Native extension for WebGL target not found
Refreshing native plugins compatible for Editor in 0.36 ms, found 0 plugins.
Preloading 0 native plugins for Editor in 0.00 ms.
Invoked RoslynAnalysisRunner static constructor.
RoslynAnalysisRunner will not be running.
RoslynAnalysisRunner has terminated.
Mono: successfully reloaded assembly
- Completed reload, in  0.960 seconds
Platform modules already initialized, skipping
Shader 'Universal Render Pipeline/Particles/Lit': fallback shader 'Universal Render Pipeline/Particles/SimpleLit' not found
Shader 'Universal Render Pipeline/Particles/Lit': fallback shader 'Universal Render Pipeline/Particles/SimpleLit' not found
Refreshing native plugins compatible for Editor in 0.36 ms, found 0 plugins.
Preloading 0 native plugins for Editor in 0.00 ms.
Unloading 2339 Unused Serialized files (Serialized files now loaded: 0)
System memory in use before: 108.6 MB.
System memory in use after: 106.8 MB.

Unloading 35 unused Assets to reduce memory usage. Loaded Objects now: 2838.
Total: 5.104300 ms (FindLiveObjects: 0.603000 ms CreateObjectMapping: 0.233800 ms MarkObjects: 2.729200 ms  DeleteObjects: 1.536500 ms)

========================================================================
Received Prepare
Registering precompiled user dll's ...
Registered in 0.002270 seconds.
Begin MonoManager ReloadAssembly
Native extension for WindowsStandalone target not found
Native extension for WebGL target not found
Refreshing native plugins compatible for Editor in 0.46 ms, found 0 plugins.
Preloading 0 native plugins for Editor in 0.00 ms.
Invoked RoslynAnalysisRunner static constructor.
RoslynAnalysisRunner will not be running.
RoslynAnalysisRunner has terminated.
Mono: successfully reloaded assembly
- Completed reload, in  1.210 seconds
Platform modules already initialized, skipping
Shader 'Universal Render Pipeline/Particles/Lit': fallback shader 'Universal Render Pipeline/Particles/SimpleLit' not found
Shader 'Universal Render Pipeline/Particles/Lit': fallback shader 'Universal Render Pipeline/Particles/SimpleLit' not found
Refreshing native plugins compatible for Editor in 0.39 ms, found 0 plugins.
Preloading 0 native plugins for Editor in 0.00 ms.
Unloading 2339 Unused Serialized files (Serialized files now loaded: 0)
System memory in use before: 108.6 MB.
System memory in use after: 106.8 MB.

Unloading 35 unused Assets to reduce memory usage. Loaded Objects now: 2841.
Total: 4.469400 ms (FindLiveObjects: 0.274700 ms CreateObjectMapping: 0.209200 ms MarkObjects: 2.484200 ms  DeleteObjects: 1.499600 ms)

========================================================================
Received Prepare
Registering precompiled user dll's ...
Registered in 0.001195 seconds.
Begin MonoManager ReloadAssembly
Native extension for WindowsStandalone target not found
Native extension for WebGL target not found
Refreshing native plugins compatible for Editor in 0.74 ms, found 0 plugins.
Preloading 0 native plugins for Editor in 0.00 ms.
Invoked RoslynAnalysisRunner static constructor.
RoslynAnalysisRunner will not be running.
RoslynAnalysisRunner has terminated.
Mono: successfully reloaded assembly
- Completed reload, in  1.867 seconds
Platform modules already initialized, skipping
Shader 'Universal Render Pipeline/Particles/Lit': fallback shader 'Universal Render Pipeline/Particles/SimpleLit' not found
Shader 'Universal Render Pipeline/Particles/Lit': fallback shader 'Universal Render Pipeline/Particles/SimpleLit' not found
Refreshing native plugins compatible for Editor in 0.37 ms, found 0 plugins.
Preloading 0 native plugins for Editor in 0.00 ms.
Unloading 2339 Unused Serialized files (Serialized files now loaded: 0)
System memory in use before: 108.6 MB.
System memory in use after: 106.8 MB.

Unloading 35 unused Assets to reduce memory usage. Loaded Objects now: 2844.
Total: 4.505000 ms (FindLiveObjects: 0.629400 ms CreateObjectMapping: 0.113100 ms MarkObjects: 2.434300 ms  DeleteObjects: 1.326700 ms)

========================================================================
Received Import Request.
  Time since last request: 789.492832 seconds.
  path: Assets/Scripts/InGameUI.cs
  artifactKey: Guid(3e70a31eda43d604da8ffa800aac763e) Importer(815301076,1909f56bfc062723c751e8b465ee728b)
Start importing Assets/Scripts/InGameUI.cs using Guid(3e70a31eda43d604da8ffa800aac763e) Importer(815301076,1909f56bfc062723c751e8b465ee728b)  -> (artifact id: 'e421acd272d4292990a0781614dc8562') in 0.012261 seconds
  Import took 0.016456 seconds .

========================================================================
Received Prepare
Registering precompiled user dll's ...
Registered in 0.001637 seconds.
Begin MonoManager ReloadAssembly
Native extension for WindowsStandalone target not found
Native extension for WebGL target not found
Refreshing native plugins compatible for Editor in 0.38 ms, found 0 plugins.
Preloading 0 native plugins for Editor in 0.00 ms.
Invoked RoslynAnalysisRunner static constructor.
RoslynAnalysisRunner will not be running.
RoslynAnalysisRunner has terminated.
Mono: successfully reloaded assembly
- Completed reload, in  0.902 seconds
Platform modules already initialized, skipping
Shader 'Universal Render Pipeline/Particles/Lit': fallback shader 'Universal Render Pipeline/Particles/SimpleLit' not found
Shader 'Universal Render Pipeline/Particles/Lit': fallback shader 'Universal Render Pipeline/Particles/SimpleLit' not found
Refreshing native plugins compatible for Editor in 1.05 ms, found 0 plugins.
Preloading 0 native plugins for Editor in 0.00 ms.
Unloading 2353 Unused Serialized files (Serialized files now loaded: 0)
System memory in use before: 110.2 MB.
System memory in use after: 107.8 MB.

Unloading 48 unused Assets to reduce memory usage. Loaded Objects now: 2848.
Total: 4.701400 ms (FindLiveObjects: 0.302100 ms CreateObjectMapping: 0.149200 ms MarkObjects: 2.344000 ms  DeleteObjects: 1.904800 ms)

========================================================================
Received Import Request.
  Time since last request: 168.615418 seconds.
  path: Assets/Scripts/InGameUI.cs
  artifactKey: Guid(3e70a31eda43d604da8ffa800aac763e) Importer(815301076,1909f56bfc062723c751e8b465ee728b)
Start importing Assets/Scripts/InGameUI.cs using Guid(3e70a31eda43d604da8ffa800aac763e) Importer(815301076,1909f56bfc062723c751e8b465ee728b)  -> (artifact id: '957e22aff27e13674916fda1a8347e4c') in 0.006648 seconds
  Import took 0.012284 seconds .

========================================================================
Received Prepare
Registering precompiled user dll's ...
Registered in 0.001105 seconds.
Begin MonoManager ReloadAssembly
Native extension for WindowsStandalone target not found
Native extension for WebGL target not found
Refreshing native plugins compatible for Editor in 0.37 ms, found 0 plugins.
Preloading 0 native plugins for Editor in 0.00 ms.
Invoked RoslynAnalysisRunner static constructor.
RoslynAnalysisRunner will not be running.
RoslynAnalysisRunner has terminated.
Mono: successfully reloaded assembly
- Completed reload, in  0.864 seconds
Platform modules already initialized, skipping
Shader 'Universal Render Pipeline/Particles/Lit': fallback shader 'Universal Render Pipeline/Particles/SimpleLit' not found
Shader 'Universal Render Pipeline/Particles/Lit': fallback shader 'Universal Render Pipeline/Particles/SimpleLit' not found
Refreshing native plugins compatible for Editor in 0.37 ms, found 0 plugins.
Preloading 0 native plugins for Editor in 0.00 ms.
Unloading 2353 Unused Serialized files (Serialized files now loaded: 0)
System memory in use before: 110.3 MB.
System memory in use after: 107.9 MB.

Unloading 48 unused Assets to reduce memory usage. Loaded Objects now: 2851.
Total: 3.999000 ms (FindLiveObjects: 0.336500 ms CreateObjectMapping: 0.114900 ms MarkObjects: 2.000800 ms  DeleteObjects: 1.545800 ms)

========================================================================
Received Prepare
Registering precompiled user dll's ...
Registered in 0.001494 seconds.
Begin MonoManager ReloadAssembly
Native extension for WindowsStandalone target not found
Native extension for WebGL target not found
Refreshing native plugins compatible for Editor in 0.37 ms, found 0 plugins.
Preloading 0 native plugins for Editor in 0.00 ms.
Invoked RoslynAnalysisRunner static constructor.
RoslynAnalysisRunner will not be running.
RoslynAnalysisRunner has terminated.
Mono: successfully reloaded assembly
- Completed reload, in  0.890 seconds
Platform modules already initialized, skipping
Shader 'Universal Render Pipeline/Particles/Lit': fallback shader 'Universal Render Pipeline/Particles/SimpleLit' not found
Shader 'Universal Render Pipeline/Particles/Lit': fallback shader 'Universal Render Pipeline/Particles/SimpleLit' not found
Refreshing native plugins compatible for Editor in 0.38 ms, found 0 plugins.
Preloading 0 native plugins for Editor in 0.00 ms.
Unloading 2353 Unused Serialized files (Serialized files now loaded: 0)
System memory in use before: 110.3 MB.
System memory in use after: 107.9 MB.

Unloading 48 unused Assets to reduce memory usage. Loaded Objects now: 2854.
Total: 4.660200 ms (FindLiveObjects: 0.322800 ms CreateObjectMapping: 0.143800 ms MarkObjects: 1.721500 ms  DeleteObjects: 2.456700 ms)

========================================================================
Received Prepare
Registering precompiled user dll's ...
Registered in 0.001186 seconds.
Begin MonoManager ReloadAssembly
Native extension for WindowsStandalone target not found
Native extension for WebGL target not found
Refreshing native plugins compatible for Editor in 0.37 ms, found 0 plugins.
Preloading 0 native plugins for Editor in 0.00 ms.
Invoked RoslynAnalysisRunner static constructor.
RoslynAnalysisRunner will not be running.
RoslynAnalysisRunner has terminated.
Mono: successfully reloaded assembly
- Completed reload, in  0.939 seconds
Platform modules already initialized, skipping
Shader 'Universal Render Pipeline/Particles/Lit': fallback shader 'Universal Render Pipeline/Particles/SimpleLit' not found
Shader 'Universal Render Pipeline/Particles/Lit': fallback shader 'Universal Render Pipeline/Particles/SimpleLit' not found
Refreshing native plugins compatible for Editor in 0.36 ms, found 0 plugins.
Preloading 0 native plugins for Editor in 0.00 ms.
Unloading 2353 Unused Serialized files (Serialized files now loaded: 0)
System memory in use before: 110.3 MB.
System memory in use after: 107.9 MB.

Unloading 48 unused Assets to reduce memory usage. Loaded Objects now: 2857.
Total: 3.992300 ms (FindLiveObjects: 0.225700 ms CreateObjectMapping: 0.098900 ms MarkObjects: 1.971300 ms  DeleteObjects: 1.695200 ms)

========================================================================
Received Prepare
Registering precompiled user dll's ...
Registered in 0.001419 seconds.
Begin MonoManager ReloadAssembly
Native extension for WindowsStandalone target not found
Native extension for WebGL target not found
Refreshing native plugins compatible for Editor in 0.41 ms, found 0 plugins.
Preloading 0 native plugins for Editor in 0.00 ms.
Invoked RoslynAnalysisRunner static constructor.
RoslynAnalysisRunner will not be running.
RoslynAnalysisRunner has terminated.
Mono: successfully reloaded assembly
- Completed reload, in  0.924 seconds
Platform modules already initialized, skipping
Shader 'Universal Render Pipeline/Particles/Lit': fallback shader 'Universal Render Pipeline/Particles/SimpleLit' not found
Shader 'Universal Render Pipeline/Particles/Lit': fallback shader 'Universal Render Pipeline/Particles/SimpleLit' not found
Refreshing native plugins compatible for Editor in 0.38 ms, found 0 plugins.
Preloading 0 native plugins for Editor in 0.00 ms.
Unloading 2353 Unused Serialized files (Serialized files now loaded: 0)
System memory in use before: 110.4 MB.
System memory in use after: 107.9 MB.

Unloading 48 unused Assets to reduce memory usage. Loaded Objects now: 2860.
Total: 3.549600 ms (FindLiveObjects: 0.260100 ms CreateObjectMapping: 0.108700 ms MarkObjects: 1.650200 ms  DeleteObjects: 1.529700 ms)

========================================================================
Received Prepare
Registering precompiled user dll's ...
Registered in 0.001115 seconds.
Begin MonoManager ReloadAssembly
Native extension for WindowsStandalone target not found
Native extension for WebGL target not found
Refreshing native plugins compatible for Editor in 0.37 ms, found 0 plugins.
Preloading 0 native plugins for Editor in 0.00 ms.
Invoked RoslynAnalysisRunner static constructor.
RoslynAnalysisRunner will not be running.
RoslynAnalysisRunner has terminated.
Mono: successfully reloaded assembly
- Completed reload, in  0.936 seconds
Platform modules already initialized, skipping
Shader 'Universal Render Pipeline/Particles/Lit': fallback shader 'Universal Render Pipeline/Particles/SimpleLit' not found
Shader 'Universal Render Pipeline/Particles/Lit': fallback shader 'Universal Render Pipeline/Particles/SimpleLit' not found
Refreshing native plugins compatible for Editor in 0.38 ms, found 0 plugins.
Preloading 0 native plugins for Editor in 0.00 ms.
Unloading 2353 Unused Serialized files (Serialized files now loaded: 0)
System memory in use before: 110.3 MB.
System memory in use after: 107.9 MB.

Unloading 48 unused Assets to reduce memory usage. Loaded Objects now: 2863.
Total: 4.080700 ms (FindLiveObjects: 0.306800 ms CreateObjectMapping: 0.111400 ms MarkObjects: 1.776700 ms  DeleteObjects: 1.884300 ms)

========================================================================
Received Prepare
Registering precompiled user dll's ...
Registered in 0.001603 seconds.
Begin MonoManager ReloadAssembly
Native extension for WindowsStandalone target not found
Native extension for WebGL target not found
Refreshing native plugins compatible for Editor in 0.37 ms, found 0 plugins.
Preloading 0 native plugins for Editor in 0.00 ms.
Invoked RoslynAnalysisRunner static constructor.
RoslynAnalysisRunner will not be running.
RoslynAnalysisRunner has terminated.
Mono: successfully reloaded assembly
- Completed reload, in  0.932 seconds
Platform modules already initialized, skipping
Shader 'Universal Render Pipeline/Particles/Lit': fallback shader 'Universal Render Pipeline/Particles/SimpleLit' not found
Shader 'Universal Render Pipeline/Particles/Lit': fallback shader 'Universal Render Pipeline/Particles/SimpleLit' not found
Refreshing native plugins compatible for Editor in 0.48 ms, found 0 plugins.
Preloading 0 native plugins for Editor in 0.00 ms.
Unloading 2353 Unused Serialized files (Serialized files now loaded: 0)
System memory in use before: 110.4 MB.
System memory in use after: 108.0 MB.

Unloading 48 unused Assets to reduce memory usage. Loaded Objects now: 2866.
Total: 4.263600 ms (FindLiveObjects: 0.266000 ms CreateObjectMapping: 0.105700 ms MarkObjects: 2.291200 ms  DeleteObjects: 1.599700 ms)

========================================================================
Received Prepare
Registering precompiled user dll's ...
Registered in 0.001105 seconds.
Begin MonoManager ReloadAssembly
Native extension for WindowsStandalone target not found
Native extension for WebGL target not found
Refreshing native plugins compatible for Editor in 0.37 ms, found 0 plugins.
Preloading 0 native plugins for Editor in 0.00 ms.
Invoked RoslynAnalysisRunner static constructor.
RoslynAnalysisRunner will not be running.
RoslynAnalysisRunner has terminated.
Mono: successfully reloaded assembly
- Completed reload, in  0.940 seconds
Platform modules already initialized, skipping
Shader 'Universal Render Pipeline/Particles/Lit': fallback shader 'Universal Render Pipeline/Particles/SimpleLit' not found
Shader 'Universal Render Pipeline/Particles/Lit': fallback shader 'Universal Render Pipeline/Particles/SimpleLit' not found
Refreshing native plugins compatible for Editor in 0.44 ms, found 0 plugins.
Preloading 0 native plugins for Editor in 0.00 ms.
Unloading 2353 Unused Serialized files (Serialized files now loaded: 0)
System memory in use before: 110.4 MB.
System memory in use after: 108.0 MB.

Unloading 48 unused Assets to reduce memory usage. Loaded Objects now: 2869.
Total: 4.276200 ms (FindLiveObjects: 0.297100 ms CreateObjectMapping: 0.287100 ms MarkObjects: 1.953200 ms  DeleteObjects: 1.737900 ms)

========================================================================
Received Prepare
Registering precompiled user dll's ...
Registered in 0.001175 seconds.
Begin MonoManager ReloadAssembly
Native extension for WindowsStandalone target not found
Native extension for WebGL target not found
Refreshing native plugins compatible for Editor in 0.37 ms, found 0 plugins.
Preloading 0 native plugins for Editor in 0.00 ms.
Invoked RoslynAnalysisRunner static constructor.
RoslynAnalysisRunner will not be running.
RoslynAnalysisRunner has terminated.
Mono: successfully reloaded assembly
- Completed reload, in  0.917 seconds
Platform modules already initialized, skipping
Shader 'Universal Render Pipeline/Particles/Lit': fallback shader 'Universal Render Pipeline/Particles/SimpleLit' not found
Shader 'Universal Render Pipeline/Particles/Lit': fallback shader 'Universal Render Pipeline/Particles/SimpleLit' not found
Refreshing native plugins compatible for Editor in 0.42 ms, found 0 plugins.
Preloading 0 native plugins for Editor in 0.00 ms.
Unloading 2353 Unused Serialized files (Serialized files now loaded: 0)
System memory in use before: 110.4 MB.
System memory in use after: 108.0 MB.

Unloading 48 unused Assets to reduce memory usage. Loaded Objects now: 2872.
Total: 4.135000 ms (FindLiveObjects: 0.337800 ms CreateObjectMapping: 0.158100 ms MarkObjects: 2.137400 ms  DeleteObjects: 1.500600 ms)

========================================================================
Received Prepare
Registering precompiled user dll's ...
Registered in 0.001638 seconds.
Begin MonoManager ReloadAssembly
Native extension for WindowsStandalone target not found
Native extension for WebGL target not found
Refreshing native plugins compatible for Editor in 0.53 ms, found 0 plugins.
Preloading 0 native plugins for Editor in 0.00 ms.
Invoked RoslynAnalysisRunner static constructor.
RoslynAnalysisRunner will not be running.
RoslynAnalysisRunner has terminated.
Mono: successfully reloaded assembly
- Completed reload, in  0.923 seconds
Platform modules already initialized, skipping
Shader 'Universal Render Pipeline/Particles/Lit': fallback shader 'Universal Render Pipeline/Particles/SimpleLit' not found
Shader 'Universal Render Pipeline/Particles/Lit': fallback shader 'Universal Render Pipeline/Particles/SimpleLit' not found
Refreshing native plugins compatible for Editor in 0.43 ms, found 0 plugins.
Preloading 0 native plugins for Editor in 0.00 ms.
Unloading 2353 Unused Serialized files (Serialized files now loaded: 0)
System memory in use before: 110.4 MB.
System memory in use after: 108.0 MB.

Unloading 48 unused Assets to reduce memory usage. Loaded Objects now: 2875.
Total: 3.854100 ms (FindLiveObjects: 0.254800 ms CreateObjectMapping: 0.095800 ms MarkObjects: 1.854900 ms  DeleteObjects: 1.647600 ms)

========================================================================
Received Prepare
Registering precompiled user dll's ...
Registered in 0.001240 seconds.
Begin MonoManager ReloadAssembly
Native extension for WindowsStandalone target not found
Native extension for WebGL target not found
Refreshing native plugins compatible for Editor in 0.37 ms, found 0 plugins.
Preloading 0 native plugins for Editor in 0.00 ms.
Invoked RoslynAnalysisRunner static constructor.
RoslynAnalysisRunner will not be running.
RoslynAnalysisRunner has terminated.
Mono: successfully reloaded assembly
- Completed reload, in  0.911 seconds
Platform modules already initialized, skipping
Shader 'Universal Render Pipeline/Particles/Lit': fallback shader 'Universal Render Pipeline/Particles/SimpleLit' not found
Shader 'Universal Render Pipeline/Particles/Lit': fallback shader 'Universal Render Pipeline/Particles/SimpleLit' not found
Refreshing native plugins compatible for Editor in 0.45 ms, found 0 plugins.
Preloading 0 native plugins for Editor in 0.00 ms.
Unloading 2353 Unused Serialized files (Serialized files now loaded: 0)
System memory in use before: 110.3 MB.
System memory in use after: 107.9 MB.

Unloading 48 unused Assets to reduce memory usage. Loaded Objects now: 2878.
Total: 3.450700 ms (FindLiveObjects: 0.266500 ms CreateObjectMapping: 0.101900 ms MarkObjects: 1.562400 ms  DeleteObjects: 1.518600 ms)

========================================================================
Received Prepare
Registering precompiled user dll's ...
Registered in 0.003000 seconds.
Begin MonoManager ReloadAssembly
Native extension for WindowsStandalone target not found
Native extension for WebGL target not found
Refreshing native plugins compatible for Editor in 0.55 ms, found 0 plugins.
Preloading 0 native plugins for Editor in 0.00 ms.
Invoked RoslynAnalysisRunner static constructor.
RoslynAnalysisRunner will not be running.
RoslynAnalysisRunner has terminated.
Mono: successfully reloaded assembly
- Completed reload, in  0.921 seconds
Platform modules already initialized, skipping
Shader 'Universal Render Pipeline/Particles/Lit': fallback shader 'Universal Render Pipeline/Particles/SimpleLit' not found
Shader 'Universal Render Pipeline/Particles/Lit': fallback shader 'Universal Render Pipeline/Particles/SimpleLit' not found
Refreshing native plugins compatible for Editor in 0.42 ms, found 0 plugins.
Preloading 0 native plugins for Editor in 0.00 ms.
Unloading 2353 Unused Serialized files (Serialized files now loaded: 0)
System memory in use before: 110.4 MB.
System memory in use after: 108.0 MB.

Unloading 48 unused Assets to reduce memory usage. Loaded Objects now: 2881.
Total: 4.030900 ms (FindLiveObjects: 0.223100 ms CreateObjectMapping: 0.097800 ms MarkObjects: 2.144800 ms  DeleteObjects: 1.563800 ms)

========================================================================
Received Prepare
Registering precompiled user dll's ...
Registered in 0.001334 seconds.
Begin MonoManager ReloadAssembly
Native extension for WindowsStandalone target not found
Native extension for WebGL target not found
Refreshing native plugins compatible for Editor in 0.37 ms, found 0 plugins.
Preloading 0 native plugins for Editor in 0.00 ms.
Invoked RoslynAnalysisRunner static constructor.
RoslynAnalysisRunner will not be running.
RoslynAnalysisRunner has terminated.
Mono: successfully reloaded assembly
- Completed reload, in  0.917 seconds
Platform modules already initialized, skipping
Shader 'Universal Render Pipeline/Particles/Lit': fallback shader 'Universal Render Pipeline/Particles/SimpleLit' not found
Shader 'Universal Render Pipeline/Particles/Lit': fallback shader 'Universal Render Pipeline/Particles/SimpleLit' not found
Refreshing native plugins compatible for Editor in 0.40 ms, found 0 plugins.
Preloading 0 native plugins for Editor in 0.00 ms.
Unloading 2353 Unused Serialized files (Serialized files now loaded: 0)
System memory in use before: 110.4 MB.
System memory in use after: 108.0 MB.

Unloading 48 unused Assets to reduce memory usage. Loaded Objects now: 2884.
Total: 4.490400 ms (FindLiveObjects: 0.282900 ms CreateObjectMapping: 0.351100 ms MarkObjects: 2.016000 ms  DeleteObjects: 1.839200 ms)

========================================================================
Received Prepare
Registering precompiled user dll's ...
Registered in 0.001703 seconds.
Begin MonoManager ReloadAssembly
Native extension for WindowsStandalone target not found
Native extension for WebGL target not found
Refreshing native plugins compatible for Editor in 0.39 ms, found 0 plugins.
Preloading 0 native plugins for Editor in 0.00 ms.
Invoked RoslynAnalysisRunner static constructor.
RoslynAnalysisRunner will not be running.
RoslynAnalysisRunner has terminated.
Mono: successfully reloaded assembly
- Completed reload, in  0.897 seconds
Platform modules already initialized, skipping
Shader 'Universal Render Pipeline/Particles/Lit': fallback shader 'Universal Render Pipeline/Particles/SimpleLit' not found
Shader 'Universal Render Pipeline/Particles/Lit': fallback shader 'Universal Render Pipeline/Particles/SimpleLit' not found
Refreshing native plugins compatible for Editor in 0.36 ms, found 0 plugins.
Preloading 0 native plugins for Editor in 0.00 ms.
Unloading 2353 Unused Serialized files (Serialized files now loaded: 0)
System memory in use before: 110.4 MB.
System memory in use after: 108.0 MB.

Unloading 48 unused Assets to reduce memory usage. Loaded Objects now: 2887.
Total: 3.709800 ms (FindLiveObjects: 0.359200 ms CreateObjectMapping: 0.148300 ms MarkObjects: 1.719300 ms  DeleteObjects: 1.482300 ms)

========================================================================
Received Prepare
Registering precompiled user dll's ...
Registered in 0.003165 seconds.
Begin MonoManager ReloadAssembly
Native extension for WindowsStandalone target not found
Native extension for WebGL target not found
Refreshing native plugins compatible for Editor in 0.37 ms, found 0 plugins.
Preloading 0 native plugins for Editor in 0.00 ms.
Invoked RoslynAnalysisRunner static constructor.
RoslynAnalysisRunner will not be running.
RoslynAnalysisRunner has terminated.
Mono: successfully reloaded assembly
- Completed reload, in  0.901 seconds
Platform modules already initialized, skipping
Shader 'Universal Render Pipeline/Particles/Lit': fallback shader 'Universal Render Pipeline/Particles/SimpleLit' not found
Shader 'Universal Render Pipeline/Particles/Lit': fallback shader 'Universal Render Pipeline/Particles/SimpleLit' not found
Refreshing native plugins compatible for Editor in 0.38 ms, found 0 plugins.
Preloading 0 native plugins for Editor in 0.00 ms.
Unloading 2353 Unused Serialized files (Serialized files now loaded: 0)
System memory in use before: 110.4 MB.
System memory in use after: 108.0 MB.

Unloading 48 unused Assets to reduce memory usage. Loaded Objects now: 2890.
Total: 4.124000 ms (FindLiveObjects: 0.338300 ms CreateObjectMapping: 0.103800 ms MarkObjects: 2.178300 ms  DeleteObjects: 1.489200 ms)

========================================================================
Received Import Request.
  Time since last request: 1955.582362 seconds.
  path: Assets/Prefabs/Sinelda@T-Pose.prefab
  artifactKey: Guid(44eca93e2c3c55d42ac9fa3d38f6d41d) Importer(815301076,1909f56bfc062723c751e8b465ee728b)
Start importing Assets/Prefabs/Sinelda@T-Pose.prefab using Guid(44eca93e2c3c55d42ac9fa3d38f6d41d) Importer(815301076,1909f56bfc062723c751e8b465ee728b)  -> (artifact id: 'a081f82d8373547f46f54f955522849f') in 0.238248 seconds
  Import took 0.384407 seconds .

========================================================================
Received Prepare
Registering precompiled user dll's ...
Registered in 0.001498 seconds.
Begin MonoManager ReloadAssembly
Native extension for WindowsStandalone target not found
Native extension for WebGL target not found
Refreshing native plugins compatible for Editor in 0.36 ms, found 0 plugins.
Preloading 0 native plugins for Editor in 0.00 ms.
Invoked RoslynAnalysisRunner static constructor.
RoslynAnalysisRunner will not be running.
RoslynAnalysisRunner has terminated.
Mono: successfully reloaded assembly
- Completed reload, in  0.907 seconds
Platform modules already initialized, skipping
Shader 'Universal Render Pipeline/Particles/Lit': fallback shader 'Universal Render Pipeline/Particles/SimpleLit' not found
Shader 'Universal Render Pipeline/Particles/Lit': fallback shader 'Universal Render Pipeline/Particles/SimpleLit' not found
Refreshing native plugins compatible for Editor in 0.36 ms, found 0 plugins.
Preloading 0 native plugins for Editor in 0.00 ms.
Unloading 2353 Unused Serialized files (Serialized files now loaded: 0)
System memory in use before: 129.6 MB.
System memory in use after: 127.2 MB.

Unloading 48 unused Assets to reduce memory usage. Loaded Objects now: 2939.
Total: 3.639800 ms (FindLiveObjects: 0.368700 ms CreateObjectMapping: 0.166300 ms MarkObjects: 1.818200 ms  DeleteObjects: 1.285800 ms)

========================================================================
Received Import Request.
  Time since last request: 4.517224 seconds.
  path: Assets/Prefabs/Player.prefab
  artifactKey: Guid(e389d7ea1425aa748adcaf25578006d4) Importer(815301076,1909f56bfc062723c751e8b465ee728b)
Start importing Assets/Prefabs/Player.prefab using Guid(e389d7ea1425aa748adcaf25578006d4) Importer(815301076,1909f56bfc062723c751e8b465ee728b)  -> (artifact id: '1106764c3b0e775e5e52d17b8532d024') in 0.150041 seconds
  Import took 0.154221 seconds .

========================================================================
Received Import Request.
  Time since last request: 6.049964 seconds.
  path: Assets/Humanoids/Sinelda.controller
  artifactKey: Guid(37f67715c2e747a4fb2771d49d27a6a0) Importer(815301076,1909f56bfc062723c751e8b465ee728b)
Start importing Assets/Humanoids/Sinelda.controller using Guid(37f67715c2e747a4fb2771d49d27a6a0) Importer(815301076,1909f56bfc062723c751e8b465ee728b)  -> (artifact id: 'bf2230d9b08551bf1b10486142614421') in 0.011434 seconds
  Import took 0.015894 seconds .

========================================================================
Received Prepare
Registering precompiled user dll's ...
Registered in 0.001108 seconds.
Begin MonoManager ReloadAssembly
Native extension for WindowsStandalone target not found
Native extension for WebGL target not found
Refreshing native plugins compatible for Editor in 0.60 ms, found 0 plugins.
Preloading 0 native plugins for Editor in 0.00 ms.
Invoked RoslynAnalysisRunner static constructor.
RoslynAnalysisRunner will not be running.
RoslynAnalysisRunner has terminated.
Mono: successfully reloaded assembly
- Completed reload, in  0.891 seconds
Platform modules already initialized, skipping
Shader 'Universal Render Pipeline/Particles/Lit': fallback shader 'Universal Render Pipeline/Particles/SimpleLit' not found
Shader 'Universal Render Pipeline/Particles/Lit': fallback shader 'Universal Render Pipeline/Particles/SimpleLit' not found
Refreshing native plugins compatible for Editor in 0.36 ms, found 0 plugins.
Preloading 0 native plugins for Editor in 0.00 ms.
Unloading 2353 Unused Serialized files (Serialized files now loaded: 0)
System memory in use before: 129.8 MB.
System memory in use after: 127.4 MB.

Unloading 48 unused Assets to reduce memory usage. Loaded Objects now: 2979.
Total: 3.682200 ms (FindLiveObjects: 0.247100 ms CreateObjectMapping: 0.104500 ms MarkObjects: 1.809100 ms  DeleteObjects: 1.520800 ms)

========================================================================
Received Prepare
Registering precompiled user dll's ...
Registered in 0.001077 seconds.
Begin MonoManager ReloadAssembly
Native extension for WindowsStandalone target not found
Native extension for WebGL target not found
Refreshing native plugins compatible for Editor in 0.43 ms, found 0 plugins.
Preloading 0 native plugins for Editor in 0.00 ms.
Invoked RoslynAnalysisRunner static constructor.
RoslynAnalysisRunner will not be running.
RoslynAnalysisRunner has terminated.
Mono: successfully reloaded assembly
- Completed reload, in  0.908 seconds
Platform modules already initialized, skipping
Shader 'Universal Render Pipeline/Particles/Lit': fallback shader 'Universal Render Pipeline/Particles/SimpleLit' not found
Shader 'Universal Render Pipeline/Particles/Lit': fallback shader 'Universal Render Pipeline/Particles/SimpleLit' not found
Refreshing native plugins compatible for Editor in 0.37 ms, found 0 plugins.
Preloading 0 native plugins for Editor in 0.00 ms.
Unloading 2353 Unused Serialized files (Serialized files now loaded: 0)
System memory in use before: 129.8 MB.
System memory in use after: 127.4 MB.

Unloading 48 unused Assets to reduce memory usage. Loaded Objects now: 2982.
Total: 5.111300 ms (FindLiveObjects: 0.339600 ms CreateObjectMapping: 0.370000 ms MarkObjects: 2.780800 ms  DeleteObjects: 1.619500 ms)

========================================================================
Received Prepare
Registering precompiled user dll's ...
Registered in 0.001060 seconds.
Begin MonoManager ReloadAssembly
Native extension for WindowsStandalone target not found
Native extension for WebGL target not found
Refreshing native plugins compatible for Editor in 0.45 ms, found 0 plugins.
Preloading 0 native plugins for Editor in 0.00 ms.
Invoked RoslynAnalysisRunner static constructor.
RoslynAnalysisRunner will not be running.
RoslynAnalysisRunner has terminated.
Mono: successfully reloaded assembly
- Completed reload, in  0.886 seconds
Platform modules already initialized, skipping
Shader 'Universal Render Pipeline/Particles/Lit': fallback shader 'Universal Render Pipeline/Particles/SimpleLit' not found
Shader 'Universal Render Pipeline/Particles/Lit': fallback shader 'Universal Render Pipeline/Particles/SimpleLit' not found
Refreshing native plugins compatible for Editor in 0.37 ms, found 0 plugins.
Preloading 0 native plugins for Editor in 0.00 ms.
Unloading 2353 Unused Serialized files (Serialized files now loaded: 0)
System memory in use before: 129.8 MB.
System memory in use after: 127.4 MB.

Unloading 48 unused Assets to reduce memory usage. Loaded Objects now: 2985.
Total: 4.217100 ms (FindLiveObjects: 0.293100 ms CreateObjectMapping: 0.118800 ms MarkObjects: 1.984400 ms  DeleteObjects: 1.819400 ms)

========================================================================
Received Prepare
Registering precompiled user dll's ...
Registered in 0.001101 seconds.
Begin MonoManager ReloadAssembly
Native extension for WindowsStandalone target not found
Native extension for WebGL target not found
Refreshing native plugins compatible for Editor in 0.36 ms, found 0 plugins.
Preloading 0 native plugins for Editor in 0.00 ms.
Invoked RoslynAnalysisRunner static constructor.
RoslynAnalysisRunner will not be running.
RoslynAnalysisRunner has terminated.
Mono: successfully reloaded assembly
- Completed reload, in  0.877 seconds
Platform modules already initialized, skipping
Shader 'Universal Render Pipeline/Particles/Lit': fallback shader 'Universal Render Pipeline/Particles/SimpleLit' not found
Shader 'Universal Render Pipeline/Particles/Lit': fallback shader 'Universal Render Pipeline/Particles/SimpleLit' not found
Refreshing native plugins compatible for Editor in 0.38 ms, found 0 plugins.
Preloading 0 native plugins for Editor in 0.00 ms.
Unloading 2353 Unused Serialized files (Serialized files now loaded: 0)
System memory in use before: 129.8 MB.
System memory in use after: 127.4 MB.

Unloading 48 unused Assets to reduce memory usage. Loaded Objects now: 2988.
Total: 3.555400 ms (FindLiveObjects: 0.299700 ms CreateObjectMapping: 0.131800 ms MarkObjects: 1.621300 ms  DeleteObjects: 1.501300 ms)

========================================================================
Received Prepare
Registering precompiled user dll's ...
Registered in 0.001976 seconds.
Begin MonoManager ReloadAssembly
Native extension for WindowsStandalone target not found
Native extension for WebGL target not found
Refreshing native plugins compatible for Editor in 0.56 ms, found 0 plugins.
Preloading 0 native plugins for Editor in 0.00 ms.
Invoked RoslynAnalysisRunner static constructor.
RoslynAnalysisRunner will not be running.
RoslynAnalysisRunner has terminated.
Mono: successfully reloaded assembly
- Completed reload, in  1.076 seconds
Platform modules already initialized, skipping
Shader 'Universal Render Pipeline/Particles/Lit': fallback shader 'Universal Render Pipeline/Particles/SimpleLit' not found
Shader 'Universal Render Pipeline/Particles/Lit': fallback shader 'Universal Render Pipeline/Particles/SimpleLit' not found
Refreshing native plugins compatible for Editor in 0.37 ms, found 0 plugins.
Preloading 0 native plugins for Editor in 0.00 ms.
Unloading 2353 Unused Serialized files (Serialized files now loaded: 0)
System memory in use before: 129.7 MB.
System memory in use after: 127.4 MB.

Unloading 48 unused Assets to reduce memory usage. Loaded Objects now: 2991.
Total: 4.387200 ms (FindLiveObjects: 0.576700 ms CreateObjectMapping: 0.204000 ms MarkObjects: 1.984400 ms  DeleteObjects: 1.621100 ms)

========================================================================
Received Prepare
Registering precompiled user dll's ...
Registered in 0.001108 seconds.
Begin MonoManager ReloadAssembly
Native extension for WindowsStandalone target not found
Native extension for WebGL target not found
Refreshing native plugins compatible for Editor in 0.55 ms, found 0 plugins.
Preloading 0 native plugins for Editor in 0.00 ms.
Invoked RoslynAnalysisRunner static constructor.
RoslynAnalysisRunner will not be running.
RoslynAnalysisRunner has terminated.
Mono: successfully reloaded assembly
- Completed reload, in  0.885 seconds
Platform modules already initialized, skipping
Shader 'Universal Render Pipeline/Particles/Lit': fallback shader 'Universal Render Pipeline/Particles/SimpleLit' not found
Shader 'Universal Render Pipeline/Particles/Lit': fallback shader 'Universal Render Pipeline/Particles/SimpleLit' not found
Refreshing native plugins compatible for Editor in 0.38 ms, found 0 plugins.
Preloading 0 native plugins for Editor in 0.00 ms.
Unloading 2353 Unused Serialized files (Serialized files now loaded: 0)
System memory in use before: 129.9 MB.
System memory in use after: 127.5 MB.

Unloading 48 unused Assets to reduce memory usage. Loaded Objects now: 2994.
Total: 3.764400 ms (FindLiveObjects: 0.318000 ms CreateObjectMapping: 0.112600 ms MarkObjects: 1.864100 ms  DeleteObjects: 1.468900 ms)

========================================================================
Received Prepare
Registering precompiled user dll's ...
Registered in 0.001226 seconds.
Begin MonoManager ReloadAssembly
Native extension for WindowsStandalone target not found
Native extension for WebGL target not found
Refreshing native plugins compatible for Editor in 0.37 ms, found 0 plugins.
Preloading 0 native plugins for Editor in 0.00 ms.
Invoked RoslynAnalysisRunner static constructor.
RoslynAnalysisRunner will not be running.
RoslynAnalysisRunner has terminated.
Mono: successfully reloaded assembly
- Completed reload, in  0.872 seconds
Platform modules already initialized, skipping
Shader 'Universal Render Pipeline/Particles/Lit': fallback shader 'Universal Render Pipeline/Particles/SimpleLit' not found
Shader 'Universal Render Pipeline/Particles/Lit': fallback shader 'Universal Render Pipeline/Particles/SimpleLit' not found
Refreshing native plugins compatible for Editor in 0.62 ms, found 0 plugins.
Preloading 0 native plugins for Editor in 0.00 ms.
Unloading 2353 Unused Serialized files (Serialized files now loaded: 0)
System memory in use before: 129.9 MB.
System memory in use after: 127.5 MB.

Unloading 48 unused Assets to reduce memory usage. Loaded Objects now: 2997.
Total: 3.994600 ms (FindLiveObjects: 0.253200 ms CreateObjectMapping: 0.105300 ms MarkObjects: 2.012000 ms  DeleteObjects: 1.622400 ms)

========================================================================
Received Prepare
Registering precompiled user dll's ...
Registered in 0.001409 seconds.
Begin MonoManager ReloadAssembly
Native extension for WindowsStandalone target not found
Native extension for WebGL target not found
Refreshing native plugins compatible for Editor in 0.55 ms, found 0 plugins.
Preloading 0 native plugins for Editor in 0.00 ms.
Invoked RoslynAnalysisRunner static constructor.
RoslynAnalysisRunner will not be running.
RoslynAnalysisRunner has terminated.
Mono: successfully reloaded assembly
- Completed reload, in  0.864 seconds
Platform modules already initialized, skipping
Shader 'Universal Render Pipeline/Particles/Lit': fallback shader 'Universal Render Pipeline/Particles/SimpleLit' not found
Shader 'Universal Render Pipeline/Particles/Lit': fallback shader 'Universal Render Pipeline/Particles/SimpleLit' not found
Refreshing native plugins compatible for Editor in 0.37 ms, found 0 plugins.
Preloading 0 native plugins for Editor in 0.00 ms.
Unloading 2353 Unused Serialized files (Serialized files now loaded: 0)
System memory in use before: 129.9 MB.
System memory in use after: 127.5 MB.

Unloading 48 unused Assets to reduce memory usage. Loaded Objects now: 3000.
Total: 3.628400 ms (FindLiveObjects: 0.242900 ms CreateObjectMapping: 0.106200 ms MarkObjects: 1.757700 ms  DeleteObjects: 1.520100 ms)

========================================================================
Received Prepare
Registering precompiled user dll's ...
Registered in 0.001239 seconds.
Begin MonoManager ReloadAssembly
Native extension for WindowsStandalone target not found
Native extension for WebGL target not found
Refreshing native plugins compatible for Editor in 0.42 ms, found 0 plugins.
Preloading 0 native plugins for Editor in 0.00 ms.
Invoked RoslynAnalysisRunner static constructor.
RoslynAnalysisRunner will not be running.
RoslynAnalysisRunner has terminated.
Mono: successfully reloaded assembly
- Completed reload, in  0.895 seconds
Platform modules already initialized, skipping
Shader 'Universal Render Pipeline/Particles/Lit': fallback shader 'Universal Render Pipeline/Particles/SimpleLit' not found
Shader 'Universal Render Pipeline/Particles/Lit': fallback shader 'Universal Render Pipeline/Particles/SimpleLit' not found
Refreshing native plugins compatible for Editor in 0.36 ms, found 0 plugins.
Preloading 0 native plugins for Editor in 0.00 ms.
Unloading 2353 Unused Serialized files (Serialized files now loaded: 0)
System memory in use before: 129.9 MB.
System memory in use after: 127.5 MB.

Unloading 48 unused Assets to reduce memory usage. Loaded Objects now: 3003.
Total: 3.855300 ms (FindLiveObjects: 0.359700 ms CreateObjectMapping: 0.146200 ms MarkObjects: 1.762300 ms  DeleteObjects: 1.586400 ms)

========================================================================
Received Prepare
Registering precompiled user dll's ...
Registered in 0.001103 seconds.
Begin MonoManager ReloadAssembly
Native extension for WindowsStandalone target not found
Native extension for WebGL target not found
Refreshing native plugins compatible for Editor in 0.36 ms, found 0 plugins.
Preloading 0 native plugins for Editor in 0.00 ms.
Invoked RoslynAnalysisRunner static constructor.
RoslynAnalysisRunner will not be running.
RoslynAnalysisRunner has terminated.
Mono: successfully reloaded assembly
- Completed reload, in  0.896 seconds
Platform modules already initialized, skipping
Shader 'Universal Render Pipeline/Particles/Lit': fallback shader 'Universal Render Pipeline/Particles/SimpleLit' not found
Shader 'Universal Render Pipeline/Particles/Lit': fallback shader 'Universal Render Pipeline/Particles/SimpleLit' not found
Refreshing native plugins compatible for Editor in 0.36 ms, found 0 plugins.
Preloading 0 native plugins for Editor in 0.00 ms.
Unloading 2353 Unused Serialized files (Serialized files now loaded: 0)
System memory in use before: 129.8 MB.
System memory in use after: 127.4 MB.

Unloading 48 unused Assets to reduce memory usage. Loaded Objects now: 3006.
Total: 3.514600 ms (FindLiveObjects: 0.241400 ms CreateObjectMapping: 0.103000 ms MarkObjects: 1.617400 ms  DeleteObjects: 1.551700 ms)

========================================================================
Received Import Request.
  Time since last request: 1553.912626 seconds.
  path: Assets/Settings/ForwardRenderer.asset
  artifactKey: Guid(4a8e21d5c33334b11b34a596161b9360) Importer(815301076,1909f56bfc062723c751e8b465ee728b)
Start importing Assets/Settings/ForwardRenderer.asset using Guid(4a8e21d5c33334b11b34a596161b9360) Importer(815301076,1909f56bfc062723c751e8b465ee728b)  -> (artifact id: '9887885bb8c2bd3ab3ac890bc114b848') in 0.020605 seconds
  Import took 0.025269 seconds .

========================================================================
Received Import Request.
  Time since last request: 0.000522 seconds.
  path: Assets/Settings/SampleSceneProfile.asset
  artifactKey: Guid(10fc4df2da32a41aaa32d77bc913491c) Importer(815301076,1909f56bfc062723c751e8b465ee728b)
Start importing Assets/Settings/SampleSceneProfile.asset using Guid(10fc4df2da32a41aaa32d77bc913491c) Importer(815301076,1909f56bfc062723c751e8b465ee728b)  -> (artifact id: '8b2ef4ada7c128530df1e1df51482890') in 0.004273 seconds
  Import took 0.048472 seconds .

========================================================================
Received Import Request.
  Time since last request: 0.000517 seconds.
  path: Assets/Settings/UniversalRP-LowQuality.asset
  artifactKey: Guid(a31e9f9f9c9d4b9429ed0d1234e22103) Importer(815301076,1909f56bfc062723c751e8b465ee728b)
Start importing Assets/Settings/UniversalRP-LowQuality.asset using Guid(a31e9f9f9c9d4b9429ed0d1234e22103) Importer(815301076,1909f56bfc062723c751e8b465ee728b)  -> (artifact id: '3b21bfb1b365383660d6526e4c2cd9e8') in 0.005470 seconds
  Import took 0.009511 seconds .

========================================================================
Received Import Request.
  Time since last request: 0.000482 seconds.
  path: Assets/Settings/UniversalRP-MediumQuality.asset
  artifactKey: Guid(d847b876476d3d6468f5dfcd34266f96) Importer(815301076,1909f56bfc062723c751e8b465ee728b)
Start importing Assets/Settings/UniversalRP-MediumQuality.asset using Guid(d847b876476d3d6468f5dfcd34266f96) Importer(815301076,1909f56bfc062723c751e8b465ee728b)  -> (artifact id: '803b2ead36992cb16875b2b13492bec9') in 0.004940 seconds
  Import took 0.008788 seconds .

========================================================================
Received Import Request.
  Time since last request: 0.000465 seconds.
  path: Assets/Settings/UniversalRP-HighQuality.asset
  artifactKey: Guid(19ba41d7c0026c3459d37c2fe90c55a0) Importer(815301076,1909f56bfc062723c751e8b465ee728b)
Start importing Assets/Settings/UniversalRP-HighQuality.asset using Guid(19ba41d7c0026c3459d37c2fe90c55a0) Importer(815301076,1909f56bfc062723c751e8b465ee728b)  -> (artifact id: '478b78ae17c67ab211fae52e9e0a226b') in 0.005722 seconds
  Import took 0.010047 seconds .

========================================================================
Received Prepare
Registering precompiled user dll's ...
Registered in 0.001670 seconds.
Begin MonoManager ReloadAssembly
Native extension for WindowsStandalone target not found
Native extension for WebGL target not found
Refreshing native plugins compatible for Editor in 0.44 ms, found 0 plugins.
Preloading 0 native plugins for Editor in 0.00 ms.
Invoked RoslynAnalysisRunner static constructor.
RoslynAnalysisRunner will not be running.
RoslynAnalysisRunner has terminated.
Mono: successfully reloaded assembly
- Completed reload, in  0.867 seconds
Platform modules already initialized, skipping
Shader 'Universal Render Pipeline/Particles/Lit': fallback shader 'Universal Render Pipeline/Particles/SimpleLit' not found
Shader 'Universal Render Pipeline/Particles/Lit': fallback shader 'Universal Render Pipeline/Particles/SimpleLit' not found
Refreshing native plugins compatible for Editor in 0.37 ms, found 0 plugins.
Preloading 0 native plugins for Editor in 0.00 ms.
Unloading 2355 Unused Serialized files (Serialized files now loaded: 0)
System memory in use before: 130.0 MB.
System memory in use after: 127.5 MB.

Unloading 48 unused Assets to reduce memory usage. Loaded Objects now: 3011.
Total: 4.048000 ms (FindLiveObjects: 0.273200 ms CreateObjectMapping: 0.123300 ms MarkObjects: 2.192800 ms  DeleteObjects: 1.457700 ms)

========================================================================
Received Import Request.
  Time since last request: 7.160580 seconds.
  path: Assets/Prefabs/Cube.prefab
  artifactKey: Guid(5b84b6ff32fd07743ad332bbc69f2f10) Importer(815301076,1909f56bfc062723c751e8b465ee728b)
Start importing Assets/Prefabs/Cube.prefab using Guid(5b84b6ff32fd07743ad332bbc69f2f10) Importer(815301076,1909f56bfc062723c751e8b465ee728b)  -> (artifact id: '5a327eabc047d0b7b2808c38e2eef456') in 0.152944 seconds
  Import took 0.156920 seconds .

========================================================================
Received Import Request.
  Time since last request: 29.645675 seconds.
  path: Assets/PhysicsMat
  artifactKey: Guid(b6d7dcb639261f24b94a865323f31fe3) Importer(815301076,1909f56bfc062723c751e8b465ee728b)
Start importing Assets/PhysicsMat using Guid(b6d7dcb639261f24b94a865323f31fe3) Importer(815301076,1909f56bfc062723c751e8b465ee728b)  -> (artifact id: 'e0d5424b2884f9f7487636202e351de4') in 0.004143 seconds
  Import took 0.007829 seconds .

========================================================================
Received Import Request.
  Time since last request: 23.526284 seconds.
  path: Assets/PhysicsMat/cube.physicMaterial
  artifactKey: Guid(89805e0919fde2e42806544310589aa3) Importer(815301076,1909f56bfc062723c751e8b465ee728b)
Start importing Assets/PhysicsMat/cube.physicMaterial using Guid(89805e0919fde2e42806544310589aa3) Importer(815301076,1909f56bfc062723c751e8b465ee728b)  -> (artifact id: 'f7f916a2c6e495f9c0fae046d8c898d2') in 0.006235 seconds
  Import took 0.015780 seconds .

========================================================================
Received Import Request.
  Time since last request: 0.003641 seconds.
  path: Assets/PhysicsMat/cube.physicMaterial
  artifactKey: Guid(89805e0919fde2e42806544310589aa3) Importer(815301076,1909f56bfc062723c751e8b465ee728b)
Start importing Assets/PhysicsMat/cube.physicMaterial using Guid(89805e0919fde2e42806544310589aa3) Importer(815301076,1909f56bfc062723c751e8b465ee728b)  -> (artifact id: 'f7f916a2c6e495f9c0fae046d8c898d2') in 0.003911 seconds
  Import took 0.007558 seconds .

========================================================================
Received Import Request.
  Time since last request: 19.701910 seconds.
  path: Assets/Materials
  artifactKey: Guid(d0234ba368eeec9418390da711bfdad0) Importer(815301076,1909f56bfc062723c751e8b465ee728b)
Start importing Assets/Materials using Guid(d0234ba368eeec9418390da711bfdad0) Importer(815301076,1909f56bfc062723c751e8b465ee728b)  -> (artifact id: '9f0bedcdb527d9144f75a4ef3cc36afe') in 0.003222 seconds
  Import took 0.009964 seconds .

========================================================================
Received Import Request.
  Time since last request: 8.640196 seconds.
  path: Assets/Materials/cube.mat
  artifactKey: Guid(6010bc7bee49375418c28049b71ec5a7) Importer(815301076,1909f56bfc062723c751e8b465ee728b)
Start importing Assets/Materials/cube.mat using Guid(6010bc7bee49375418c28049b71ec5a7) Importer(815301076,1909f56bfc062723c751e8b465ee728b)  -> (artifact id: '8aad84502070d4fc86467b0725a20de9') in 0.043385 seconds
  Import took 0.049224 seconds .

========================================================================
Received Import Request.
  Time since last request: 3.470757 seconds.
  path: Assets/Materials/cube 1.mat
  artifactKey: Guid(7249c8b6acf79b0449745ef29dc2bdab) Importer(815301076,1909f56bfc062723c751e8b465ee728b)
Start importing Assets/Materials/cube 1.mat using Guid(7249c8b6acf79b0449745ef29dc2bdab) Importer(815301076,1909f56bfc062723c751e8b465ee728b)  -> (artifact id: 'f7a03b8ad2c03070f96c1eb0ce33fcd5') in 0.012474 seconds
  Import took 0.016747 seconds .

========================================================================
Received Import Request.
  Time since last request: 0.869389 seconds.
  path: Assets/Materials/cube 2.mat
  artifactKey: Guid(1d9c3bbcd401f214fa137e0b4dc8e99f) Importer(815301076,1909f56bfc062723c751e8b465ee728b)
Start importing Assets/Materials/cube 2.mat using Guid(1d9c3bbcd401f214fa137e0b4dc8e99f) Importer(815301076,1909f56bfc062723c751e8b465ee728b)  -> (artifact id: '887a0f23436dc0241e9c310c07df0d8e') in 0.012559 seconds
  Import took 0.017365 seconds .

========================================================================
Received Import Request.
  Time since last request: 37.788381 seconds.
  path: Assets/PhysicsMat/cube 1.physicMaterial
  artifactKey: Guid(cb3fafadfebbbb440bd32149d867acb1) Importer(815301076,1909f56bfc062723c751e8b465ee728b)
Start importing Assets/PhysicsMat/cube 1.physicMaterial using Guid(cb3fafadfebbbb440bd32149d867acb1) Importer(815301076,1909f56bfc062723c751e8b465ee728b)  -> (artifact id: '3feb588eac838284a74970405da1d28b') in 0.004083 seconds
  Import took 0.031455 seconds .

========================================================================
Received Import Request.
  Time since last request: 0.739746 seconds.
  path: Assets/PhysicsMat/cube 1.physicMaterial
  artifactKey: Guid(cb3fafadfebbbb440bd32149d867acb1) Importer(815301076,1909f56bfc062723c751e8b465ee728b)
Start importing Assets/PhysicsMat/cube 1.physicMaterial using Guid(cb3fafadfebbbb440bd32149d867acb1) Importer(815301076,1909f56bfc062723c751e8b465ee728b)  -> (artifact id: 'b28931122371ecb766d3627722e75143') in 0.003688 seconds
  Import took 0.008037 seconds .

========================================================================
Received Import Request.
  Time since last request: 0.000529 seconds.
  path: Assets/PhysicsMat/cube 2.physicMaterial
  artifactKey: Guid(3eacf71c9181adb4aaf8b3978b520ffe) Importer(815301076,1909f56bfc062723c751e8b465ee728b)
Start importing Assets/PhysicsMat/cube 2.physicMaterial using Guid(3eacf71c9181adb4aaf8b3978b520ffe) Importer(815301076,1909f56bfc062723c751e8b465ee728b)  -> (artifact id: '54fd2d1c0633b14ea6804e77c8995a77') in 0.002952 seconds
  Import took 0.007051 seconds .

========================================================================
Received Import Request.
  Time since last request: 1.072155 seconds.
  path: Assets/PhysicsMat/cube 2.physicMaterial
  artifactKey: Guid(3eacf71c9181adb4aaf8b3978b520ffe) Importer(815301076,1909f56bfc062723c751e8b465ee728b)
Start importing Assets/PhysicsMat/cube 2.physicMaterial using Guid(3eacf71c9181adb4aaf8b3978b520ffe) Importer(815301076,1909f56bfc062723c751e8b465ee728b)  -> (artifact id: '32ea03288fcc231104c4d6562b3320a1') in 0.003110 seconds
  Import took 0.008046 seconds .

========================================================================
Received Import Request.
  Time since last request: 0.000584 seconds.
  path: Assets/PhysicsMat/cube 3.physicMaterial
  artifactKey: Guid(030da65b1b9f04c468956623eb15e467) Importer(815301076,1909f56bfc062723c751e8b465ee728b)
Start importing Assets/PhysicsMat/cube 3.physicMaterial using Guid(030da65b1b9f04c468956623eb15e467) Importer(815301076,1909f56bfc062723c751e8b465ee728b)  -> (artifact id: 'd703ebb9a217eeda9b1bd01c0a6957ef') in 0.004999 seconds
  Import took 0.010089 seconds .

========================================================================
Received Import Request.
  Time since last request: 0.001047 seconds.
  path: Assets/PhysicsMat/cube 2.physicMaterial
  artifactKey: Guid(3eacf71c9181adb4aaf8b3978b520ffe) Importer(815301076,1909f56bfc062723c751e8b465ee728b)
Start importing Assets/PhysicsMat/cube 2.physicMaterial using Guid(3eacf71c9181adb4aaf8b3978b520ffe) Importer(815301076,1909f56bfc062723c751e8b465ee728b)  -> (artifact id: '32ea03288fcc231104c4d6562b3320a1') in 0.004995 seconds
  Import took 0.009814 seconds .

========================================================================
Received Import Request.
  Time since last request: 34.739911 seconds.
  path: Assets/Materials/cube 1.mat
  artifactKey: Guid(7249c8b6acf79b0449745ef29dc2bdab) Importer(815301076,1909f56bfc062723c751e8b465ee728b)
Start importing Assets/Materials/cube 1.mat using Guid(7249c8b6acf79b0449745ef29dc2bdab) Importer(815301076,1909f56bfc062723c751e8b465ee728b)  -> (artifact id: 'bed4542391f4bed5d1469aa5e64717b7') in 0.009678 seconds
  Import took 0.013759 seconds .

========================================================================
Received Import Request.
  Time since last request: 0.000517 seconds.
  path: Assets/Materials/cube 2.mat
  artifactKey: Guid(1d9c3bbcd401f214fa137e0b4dc8e99f) Importer(815301076,1909f56bfc062723c751e8b465ee728b)
Start importing Assets/Materials/cube 2.mat using Guid(1d9c3bbcd401f214fa137e0b4dc8e99f) Importer(815301076,1909f56bfc062723c751e8b465ee728b)  -> (artifact id: 'f321103f1a6b7e31e5f311b393984a57') in 0.012505 seconds
  Import took 0.016335 seconds .

========================================================================
Received Import Request.
  Time since last request: 0.000377 seconds.
  path: Assets/Materials/cube.mat
  artifactKey: Guid(6010bc7bee49375418c28049b71ec5a7) Importer(815301076,1909f56bfc062723c751e8b465ee728b)
Start importing Assets/Materials/cube.mat using Guid(6010bc7bee49375418c28049b71ec5a7) Importer(815301076,1909f56bfc062723c751e8b465ee728b)  -> (artifact id: '08dcd4fba9976835129fe58034e8c86d') in 0.016321 seconds
  Import took 0.020366 seconds .

========================================================================
Received Import Request.
  Time since last request: 0.000437 seconds.
  path: Assets/Materials/cube 3.mat
  artifactKey: Guid(20e1721c1ca524747bf34c9cda1c0e8f) Importer(815301076,1909f56bfc062723c751e8b465ee728b)
Start importing Assets/Materials/cube 3.mat using Guid(20e1721c1ca524747bf34c9cda1c0e8f) Importer(815301076,1909f56bfc062723c751e8b465ee728b)  -> (artifact id: 'e0dd2bc4c3f6954d30b30b9f1dc04dbe') in 0.011312 seconds
  Import took 0.015585 seconds .

========================================================================
Received Import Request.
  Time since last request: 53.299816 seconds.
  path: Assets/PhysicsMat/cube 3.physicMaterial
  artifactKey: Guid(030da65b1b9f04c468956623eb15e467) Importer(815301076,1909f56bfc062723c751e8b465ee728b)
Start importing Assets/PhysicsMat/cube 3.physicMaterial using Guid(030da65b1b9f04c468956623eb15e467) Importer(815301076,1909f56bfc062723c751e8b465ee728b)  -> (artifact id: '16046bde7c963f8f8c9c641c07a29129') in 0.003157 seconds
  Import took 0.007111 seconds .

========================================================================
Received Prepare
Registering precompiled user dll's ...
Registered in 0.001224 seconds.
Begin MonoManager ReloadAssembly
Native extension for WindowsStandalone target not found
Native extension for WebGL target not found
Refreshing native plugins compatible for Editor in 0.42 ms, found 0 plugins.
Preloading 0 native plugins for Editor in 0.00 ms.
Invoked RoslynAnalysisRunner static constructor.
RoslynAnalysisRunner will not be running.
RoslynAnalysisRunner has terminated.
Mono: successfully reloaded assembly
- Completed reload, in  0.864 seconds
Platform modules already initialized, skipping
Shader 'Universal Render Pipeline/Particles/Lit': fallback shader 'Universal Render Pipeline/Particles/SimpleLit' not found
Shader 'Universal Render Pipeline/Particles/Lit': fallback shader 'Universal Render Pipeline/Particles/SimpleLit' not found
Refreshing native plugins compatible for Editor in 0.43 ms, found 0 plugins.
Preloading 0 native plugins for Editor in 0.00 ms.
Unloading 2353 Unused Serialized files (Serialized files now loaded: 0)
System memory in use before: 130.3 MB.
System memory in use after: 127.8 MB.

Unloading 48 unused Assets to reduce memory usage. Loaded Objects now: 3083.
Total: 4.047800 ms (FindLiveObjects: 0.302800 ms CreateObjectMapping: 0.132800 ms MarkObjects: 2.057400 ms  DeleteObjects: 1.553300 ms)

========================================================================
Received Import Request.
  Time since last request: 266.175729 seconds.
  path: Assets/PhysicsMat/cube.physicMaterial
  artifactKey: Guid(89805e0919fde2e42806544310589aa3) Importer(815301076,1909f56bfc062723c751e8b465ee728b)
Start importing Assets/PhysicsMat/cube.physicMaterial using Guid(89805e0919fde2e42806544310589aa3) Importer(815301076,1909f56bfc062723c751e8b465ee728b)  -> (artifact id: '54179ea1da52466869659cdcd0c1ce6e') in 0.011265 seconds
  Import took 0.015230 seconds .

========================================================================
Received Import Request.
  Time since last request: 0.000574 seconds.
  path: Assets/PhysicsMat/cube 1.physicMaterial
  artifactKey: Guid(cb3fafadfebbbb440bd32149d867acb1) Importer(815301076,1909f56bfc062723c751e8b465ee728b)
Start importing Assets/PhysicsMat/cube 1.physicMaterial using Guid(cb3fafadfebbbb440bd32149d867acb1) Importer(815301076,1909f56bfc062723c751e8b465ee728b)  -> (artifact id: 'cb37cc7f8366b99c58963a9c5b6d01e6') in 0.002807 seconds
  Import took 0.006459 seconds .

========================================================================
Received Import Request.
  Time since last request: 0.000361 seconds.
  path: Assets/PhysicsMat/cube 2.physicMaterial
  artifactKey: Guid(3eacf71c9181adb4aaf8b3978b520ffe) Importer(815301076,1909f56bfc062723c751e8b465ee728b)
Start importing Assets/PhysicsMat/cube 2.physicMaterial using Guid(3eacf71c9181adb4aaf8b3978b520ffe) Importer(815301076,1909f56bfc062723c751e8b465ee728b)  -> (artifact id: '9ad8478f3bda7248bc514f40625626b1') in 0.002959 seconds
  Import took 0.006348 seconds .

========================================================================
Received Import Request.
  Time since last request: 0.000412 seconds.
  path: Assets/PhysicsMat/cube 3.physicMaterial
  artifactKey: Guid(030da65b1b9f04c468956623eb15e467) Importer(815301076,1909f56bfc062723c751e8b465ee728b)
Start importing Assets/PhysicsMat/cube 3.physicMaterial using Guid(030da65b1b9f04c468956623eb15e467) Importer(815301076,1909f56bfc062723c751e8b465ee728b)  -> (artifact id: '8a13ca6015af5b3ab00c2515d6daf107') in 0.003007 seconds
  Import took 0.006493 seconds .

========================================================================
Received Prepare
Registering precompiled user dll's ...
Registered in 0.001081 seconds.
Begin MonoManager ReloadAssembly
Native extension for WindowsStandalone target not found
Native extension for WebGL target not found
Refreshing native plugins compatible for Editor in 0.37 ms, found 0 plugins.
Preloading 0 native plugins for Editor in 0.00 ms.
Invoked RoslynAnalysisRunner static constructor.
RoslynAnalysisRunner will not be running.
RoslynAnalysisRunner has terminated.
Mono: successfully reloaded assembly
- Completed reload, in  0.864 seconds
Platform modules already initialized, skipping
Shader 'Universal Render Pipeline/Particles/Lit': fallback shader 'Universal Render Pipeline/Particles/SimpleLit' not found
Shader 'Universal Render Pipeline/Particles/Lit': fallback shader 'Universal Render Pipeline/Particles/SimpleLit' not found
Refreshing native plugins compatible for Editor in 0.36 ms, found 0 plugins.
Preloading 0 native plugins for Editor in 0.00 ms.
Unloading 2353 Unused Serialized files (Serialized files now loaded: 0)
System memory in use before: 130.3 MB.
System memory in use after: 127.9 MB.

Unloading 48 unused Assets to reduce memory usage. Loaded Objects now: 3086.
Total: 4.434100 ms (FindLiveObjects: 0.260800 ms CreateObjectMapping: 0.114500 ms MarkObjects: 1.969400 ms  DeleteObjects: 2.088100 ms)

========================================================================
Received Import Request.
  Time since last request: 318.749809 seconds.
  path: Assets/BlenderModels
  artifactKey: Guid(44734eac548bd2d49816dad14820c792) Importer(815301076,1909f56bfc062723c751e8b465ee728b)
Start importing Assets/BlenderModels using Guid(44734eac548bd2d49816dad14820c792) Importer(815301076,1909f56bfc062723c751e8b465ee728b)  -> (artifact id: '82d9c8705e0f69238fb7fe078edd2807') in 0.008510 seconds
  Import took 0.036445 seconds .

========================================================================
Received Import Request.
  Time since last request: 7.483790 seconds.
  path: Assets/BlenderModels/objects.fbx
  artifactKey: Guid(5f7b48c137282964a92db967aec3fa28) Importer(815301076,1909f56bfc062723c751e8b465ee728b)
Start importing Assets/BlenderModels/objects.fbx using Guid(5f7b48c137282964a92db967aec3fa28) Importer(815301076,1909f56bfc062723c751e8b465ee728b)  -> (artifact id: 'def2c2afad4fd6f52b6dc9842f2b1d9e') in 0.484962 seconds
  Import took 0.490700 seconds .

========================================================================
Received Prepare
Registering precompiled user dll's ...
Registered in 0.001183 seconds.
Begin MonoManager ReloadAssembly
Native extension for WindowsStandalone target not found
Native extension for WebGL target not found
Refreshing native plugins compatible for Editor in 0.39 ms, found 0 plugins.
Preloading 0 native plugins for Editor in 0.00 ms.
Invoked RoslynAnalysisRunner static constructor.
RoslynAnalysisRunner will not be running.
RoslynAnalysisRunner has terminated.
Mono: successfully reloaded assembly
- Completed reload, in  0.886 seconds
Platform modules already initialized, skipping
Shader 'Universal Render Pipeline/Particles/Lit': fallback shader 'Universal Render Pipeline/Particles/SimpleLit' not found
Shader 'Universal Render Pipeline/Particles/Lit': fallback shader 'Universal Render Pipeline/Particles/SimpleLit' not found
Refreshing native plugins compatible for Editor in 0.36 ms, found 0 plugins.
Preloading 0 native plugins for Editor in 0.00 ms.
Unloading 2353 Unused Serialized files (Serialized files now loaded: 0)
System memory in use before: 130.6 MB.
System memory in use after: 128.2 MB.

Unloading 48 unused Assets to reduce memory usage. Loaded Objects now: 3128.
Total: 3.941800 ms (FindLiveObjects: 0.287400 ms CreateObjectMapping: 0.129500 ms MarkObjects: 2.098400 ms  DeleteObjects: 1.425400 ms)

========================================================================
Received Prepare
Registering precompiled user dll's ...
Registered in 0.001069 seconds.
Begin MonoManager ReloadAssembly
Native extension for WindowsStandalone target not found
Native extension for WebGL target not found
Refreshing native plugins compatible for Editor in 0.36 ms, found 0 plugins.
Preloading 0 native plugins for Editor in 0.00 ms.
Invoked RoslynAnalysisRunner static constructor.
RoslynAnalysisRunner will not be running.
RoslynAnalysisRunner has terminated.
Mono: successfully reloaded assembly
- Completed reload, in  0.805 seconds
Platform modules already initialized, skipping
Shader 'Universal Render Pipeline/Particles/Lit': fallback shader 'Universal Render Pipeline/Particles/SimpleLit' not found
Shader 'Universal Render Pipeline/Particles/Lit': fallback shader 'Universal Render Pipeline/Particles/SimpleLit' not found
Refreshing native plugins compatible for Editor in 0.38 ms, found 0 plugins.
Preloading 0 native plugins for Editor in 0.00 ms.
Unloading 2353 Unused Serialized files (Serialized files now loaded: 0)
System memory in use before: 130.5 MB.
System memory in use after: 128.2 MB.

Unloading 48 unused Assets to reduce memory usage. Loaded Objects now: 3131.
Total: 4.151600 ms (FindLiveObjects: 0.253300 ms CreateObjectMapping: 0.104700 ms MarkObjects: 2.121500 ms  DeleteObjects: 1.670700 ms)

========================================================================
Received Import Request.
  Time since last request: 459.935590 seconds.
  path: Assets/Materials/CenterMat.mat
  artifactKey: Guid(6d9333db7159ba34394a63955a777613) Importer(815301076,1909f56bfc062723c751e8b465ee728b)
Start importing Assets/Materials/CenterMat.mat using Guid(6d9333db7159ba34394a63955a777613) Importer(815301076,1909f56bfc062723c751e8b465ee728b)  -> (artifact id: '2d5f2552397899a7c379b1faa609f1d1') in 0.163378 seconds
  Import took 0.167670 seconds .

========================================================================
Received Import Request.
  Time since last request: 36.593281 seconds.
  path: Assets/Materials/CenterMat.mat
  artifactKey: Guid(6d9333db7159ba34394a63955a777613) Importer(815301076,1909f56bfc062723c751e8b465ee728b)
Start importing Assets/Materials/CenterMat.mat using Guid(6d9333db7159ba34394a63955a777613) Importer(815301076,1909f56bfc062723c751e8b465ee728b)  -> (artifact id: '5535e6b4fdea90a129ef8c5122a43317') in 0.025940 seconds
  Import took 0.031004 seconds .

========================================================================
Received Import Request.
  Time since last request: 113.579798 seconds.
  path: Assets/ExampleAssets/Models/Stud.fbx
  artifactKey: Guid(34624edaccd9d704a95ed404d919b492) Importer(815301076,1909f56bfc062723c751e8b465ee728b)
Start importing Assets/ExampleAssets/Models/Stud.fbx using Guid(34624edaccd9d704a95ed404d919b492) Importer(815301076,1909f56bfc062723c751e8b465ee728b)  -> (artifact id: '7873ca91a4f1399382e66c251486f82a') in 0.118055 seconds
  Import took 0.128604 seconds .

========================================================================
Received Import Request.
  Time since last request: 0.000323 seconds.
  path: Assets/ExampleAssets/Models/Workshop_Set.fbx
  artifactKey: Guid(47616bd0cda748d4cbedcfc908506b9d) Importer(815301076,1909f56bfc062723c751e8b465ee728b)
Start importing Assets/ExampleAssets/Models/Workshop_Set.fbx using Guid(47616bd0cda748d4cbedcfc908506b9d) Importer(815301076,1909f56bfc062723c751e8b465ee728b)  -> (artifact id: 'ec05017ae0006ccb1da4c3a1e8267475') in 0.148974 seconds
  Import took 0.153553 seconds .

========================================================================
Received Import Request.
  Time since last request: 0.000345 seconds.
  path: Assets/ExampleAssets/Models/Stud.fbx
  artifactKey: Guid(34624edaccd9d704a95ed404d919b492) Importer(815301076,1909f56bfc062723c751e8b465ee728b)
Start importing Assets/ExampleAssets/Models/Stud.fbx using Guid(34624edaccd9d704a95ed404d919b492) Importer(815301076,1909f56bfc062723c751e8b465ee728b)  -> (artifact id: '7873ca91a4f1399382e66c251486f82a') in 0.029657 seconds
  Import took 0.033842 seconds .

========================================================================
Received Import Request.
  Time since last request: 0.000324 seconds.
  path: Assets/ExampleAssets/Models/Workshop_Set.fbx
  artifactKey: Guid(47616bd0cda748d4cbedcfc908506b9d) Importer(815301076,1909f56bfc062723c751e8b465ee728b)
Start importing Assets/ExampleAssets/Models/Workshop_Set.fbx using Guid(47616bd0cda748d4cbedcfc908506b9d) Importer(815301076,1909f56bfc062723c751e8b465ee728b)  -> (artifact id: 'ec05017ae0006ccb1da4c3a1e8267475') in 0.084224 seconds
  Import took 0.088774 seconds .

========================================================================
Received Import Request.
  Time since last request: 0.000372 seconds.
  path: Assets/ExampleAssets/Models/Workbench.fbx
  artifactKey: Guid(efe9381559c516743bd05cef82f39ebb) Importer(815301076,1909f56bfc062723c751e8b465ee728b)
Start importing Assets/ExampleAssets/Models/Workbench.fbx using Guid(efe9381559c516743bd05cef82f39ebb) Importer(815301076,1909f56bfc062723c751e8b465ee728b)  -> (artifact id: '1ed10bf53a912e8bc2f45673f2b6518e') in 0.452282 seconds
  Import took 0.456378 seconds .

========================================================================
Received Import Request.
  Time since last request: 0.000523 seconds.
  path: Assets/ExampleAssets/Models/Workbench_Low.fbx
  artifactKey: Guid(ff6dc36862fe41641bb21568d92147c9) Importer(815301076,1909f56bfc062723c751e8b465ee728b)
Start importing Assets/ExampleAssets/Models/Workbench_Low.fbx using Guid(ff6dc36862fe41641bb21568d92147c9) Importer(815301076,1909f56bfc062723c751e8b465ee728b)  -> (artifact id: '881b8428d42a3440f9af60cec77193ea') in 0.113304 seconds
  Import took 0.117658 seconds .

========================================================================
Received Prepare
Registering precompiled user dll's ...
Registered in 0.001440 seconds.
Begin MonoManager ReloadAssembly
Native extension for WindowsStandalone target not found
Native extension for WebGL target not found
Refreshing native plugins compatible for Editor in 0.36 ms, found 0 plugins.
Preloading 0 native plugins for Editor in 0.00 ms.
Invoked RoslynAnalysisRunner static constructor.
RoslynAnalysisRunner will not be running.
RoslynAnalysisRunner has terminated.
Mono: successfully reloaded assembly
- Completed reload, in  0.883 seconds
Platform modules already initialized, skipping
Shader 'Universal Render Pipeline/Particles/Lit': fallback shader 'Universal Render Pipeline/Particles/SimpleLit' not found
Shader 'Universal Render Pipeline/Particles/Lit': fallback shader 'Universal Render Pipeline/Particles/SimpleLit' not found
Refreshing native plugins compatible for Editor in 0.52 ms, found 0 plugins.
Preloading 0 native plugins for Editor in 0.00 ms.
Unloading 2353 Unused Serialized files (Serialized files now loaded: 0)
System memory in use before: 130.9 MB.
System memory in use after: 128.5 MB.

Unloading 48 unused Assets to reduce memory usage. Loaded Objects now: 3170.
Total: 5.857900 ms (FindLiveObjects: 0.451900 ms CreateObjectMapping: 0.354700 ms MarkObjects: 2.712000 ms  DeleteObjects: 2.337600 ms)

========================================================================
Received Import Request.
  Time since last request: 44.792441 seconds.
  path: Assets/Materials/CenterMat.mat
  artifactKey: Guid(6d9333db7159ba34394a63955a777613) Importer(815301076,1909f56bfc062723c751e8b465ee728b)
Start importing Assets/Materials/CenterMat.mat using Guid(6d9333db7159ba34394a63955a777613) Importer(815301076,1909f56bfc062723c751e8b465ee728b)  -> (artifact id: '179f0f8c646f113266fc373e16b4e3cc') in 0.162874 seconds
  Import took 0.166923 seconds .

========================================================================
Received Prepare
Registering precompiled user dll's ...
Registered in 0.001574 seconds.
Begin MonoManager ReloadAssembly
Native extension for WindowsStandalone target not found
Native extension for WebGL target not found
Refreshing native plugins compatible for Editor in 0.53 ms, found 0 plugins.
Preloading 0 native plugins for Editor in 0.00 ms.
Invoked RoslynAnalysisRunner static constructor.
RoslynAnalysisRunner will not be running.
RoslynAnalysisRunner has terminated.
Mono: successfully reloaded assembly
- Completed reload, in  0.889 seconds
Platform modules already initialized, skipping
Shader 'Universal Render Pipeline/Particles/Lit': fallback shader 'Universal Render Pipeline/Particles/SimpleLit' not found
Shader 'Universal Render Pipeline/Particles/Lit': fallback shader 'Universal Render Pipeline/Particles/SimpleLit' not found
Refreshing native plugins compatible for Editor in 0.37 ms, found 0 plugins.
Preloading 0 native plugins for Editor in 0.00 ms.
Unloading 2353 Unused Serialized files (Serialized files now loaded: 0)
System memory in use before: 131.0 MB.
System memory in use after: 128.6 MB.

Unloading 48 unused Assets to reduce memory usage. Loaded Objects now: 3209.
Total: 4.162500 ms (FindLiveObjects: 0.378000 ms CreateObjectMapping: 0.127400 ms MarkObjects: 1.946000 ms  DeleteObjects: 1.709800 ms)

========================================================================
Received Prepare
Registering precompiled user dll's ...
Registered in 0.001141 seconds.
Begin MonoManager ReloadAssembly
Native extension for WindowsStandalone target not found
Native extension for WebGL target not found
Refreshing native plugins compatible for Editor in 0.48 ms, found 0 plugins.
Preloading 0 native plugins for Editor in 0.00 ms.
Invoked RoslynAnalysisRunner static constructor.
RoslynAnalysisRunner will not be running.
RoslynAnalysisRunner has terminated.
Mono: successfully reloaded assembly
- Completed reload, in  0.858 seconds
Platform modules already initialized, skipping
Shader 'Universal Render Pipeline/Particles/Lit': fallback shader 'Universal Render Pipeline/Particles/SimpleLit' not found
Shader 'Universal Render Pipeline/Particles/Lit': fallback shader 'Universal Render Pipeline/Particles/SimpleLit' not found
Refreshing native plugins compatible for Editor in 0.37 ms, found 0 plugins.
Preloading 0 native plugins for Editor in 0.00 ms.
Unloading 2353 Unused Serialized files (Serialized files now loaded: 0)
System memory in use before: 131.0 MB.
System memory in use after: 128.6 MB.

Unloading 48 unused Assets to reduce memory usage. Loaded Objects now: 3212.
Total: 4.325300 ms (FindLiveObjects: 0.344900 ms CreateObjectMapping: 0.131700 ms MarkObjects: 2.096700 ms  DeleteObjects: 1.750700 ms)

========================================================================
Received Import Request.
  Time since last request: 396.259436 seconds.
  path: Assets/PhysicsMat/cube 4.physicMaterial
  artifactKey: Guid(514ab8259ea7ec447b6281802ed1034a) Importer(815301076,1909f56bfc062723c751e8b465ee728b)
Start importing Assets/PhysicsMat/cube 4.physicMaterial using Guid(514ab8259ea7ec447b6281802ed1034a) Importer(815301076,1909f56bfc062723c751e8b465ee728b)  -> (artifact id: 'f3f3a1fb58900fd61ddf1d0ba777ea51') in 0.019994 seconds
  Import took 0.033648 seconds .

========================================================================
Received Prepare
Registering precompiled user dll's ...
Registered in 0.001079 seconds.
Begin MonoManager ReloadAssembly
Native extension for WindowsStandalone target not found
Native extension for WebGL target not found
Refreshing native plugins compatible for Editor in 0.40 ms, found 0 plugins.
Preloading 0 native plugins for Editor in 0.00 ms.
Invoked RoslynAnalysisRunner static constructor.
RoslynAnalysisRunner will not be running.
RoslynAnalysisRunner has terminated.
Mono: successfully reloaded assembly
- Completed reload, in  0.911 seconds
Platform modules already initialized, skipping
Shader 'Universal Render Pipeline/Particles/Lit': fallback shader 'Universal Render Pipeline/Particles/SimpleLit' not found
Shader 'Universal Render Pipeline/Particles/Lit': fallback shader 'Universal Render Pipeline/Particles/SimpleLit' not found
Refreshing native plugins compatible for Editor in 0.37 ms, found 0 plugins.
Preloading 0 native plugins for Editor in 0.00 ms.
Unloading 2353 Unused Serialized files (Serialized files now loaded: 0)
System memory in use before: 131.0 MB.
System memory in use after: 128.6 MB.

Unloading 48 unused Assets to reduce memory usage. Loaded Objects now: 3215.
Total: 4.077800 ms (FindLiveObjects: 0.391300 ms CreateObjectMapping: 0.148900 ms MarkObjects: 1.955100 ms  DeleteObjects: 1.581700 ms)

========================================================================
Received Import Request.
  Time since last request: 352.574251 seconds.
  path: Assets/PhysicsMat/Player.physicMaterial
  artifactKey: Guid(f540692fca1603e42a2a1da21bba228c) Importer(815301076,1909f56bfc062723c751e8b465ee728b)
Start importing Assets/PhysicsMat/Player.physicMaterial using Guid(f540692fca1603e42a2a1da21bba228c) Importer(815301076,1909f56bfc062723c751e8b465ee728b)  -> (artifact id: '7a481175f9e707dc70d9529468269e51') in 0.011504 seconds
  Import took 0.015380 seconds .

========================================================================
Received Import Request.
  Time since last request: 11.700753 seconds.
  path: Assets/PhysicsMat/Player.physicMaterial
  artifactKey: Guid(f540692fca1603e42a2a1da21bba228c) Importer(815301076,1909f56bfc062723c751e8b465ee728b)
Start importing Assets/PhysicsMat/Player.physicMaterial using Guid(f540692fca1603e42a2a1da21bba228c) Importer(815301076,1909f56bfc062723c751e8b465ee728b)  -> (artifact id: 'd5f505d64abf0d2197774634916246f0') in 0.004106 seconds
  Import took 0.009085 seconds .

========================================================================
Received Import Request.
  Time since last request: 0.014772 seconds.
  path: Assets/PhysicsMat/cube 1.physicMaterial
  artifactKey: Guid(cb3fafadfebbbb440bd32149d867acb1) Importer(815301076,1909f56bfc062723c751e8b465ee728b)
Start importing Assets/PhysicsMat/cube 1.physicMaterial using Guid(cb3fafadfebbbb440bd32149d867acb1) Importer(815301076,1909f56bfc062723c751e8b465ee728b)  -> (artifact id: 'bc0d0b656148c0c7fca91e439ec4e21e') in 0.003028 seconds
  Import took 0.007665 seconds .

========================================================================
Received Import Request.
  Time since last request: 0.000452 seconds.
  path: Assets/PhysicsMat/cube 4.physicMaterial
  artifactKey: Guid(514ab8259ea7ec447b6281802ed1034a) Importer(815301076,1909f56bfc062723c751e8b465ee728b)
Start importing Assets/PhysicsMat/cube 4.physicMaterial using Guid(514ab8259ea7ec447b6281802ed1034a) Importer(815301076,1909f56bfc062723c751e8b465ee728b)  -> (artifact id: '88e15d1fb0ef779305bfc247832e37ee') in 0.005200 seconds
  Import took 0.010473 seconds .

========================================================================
Received Import Request.
  Time since last request: 0.002003 seconds.
  path: Assets/PhysicsMat/cube 4.physicMaterial
  artifactKey: Guid(514ab8259ea7ec447b6281802ed1034a) Importer(815301076,1909f56bfc062723c751e8b465ee728b)
Start importing Assets/PhysicsMat/cube 4.physicMaterial using Guid(514ab8259ea7ec447b6281802ed1034a) Importer(815301076,1909f56bfc062723c751e8b465ee728b)  -> (artifact id: '88e15d1fb0ef779305bfc247832e37ee') in 0.003568 seconds
  Import took 0.007854 seconds .

========================================================================
Received Import Request.
  Time since last request: 63.128634 seconds.
  path: Assets/ExampleAssets/Models/jigsaw_low.fbx
  artifactKey: Guid(8b73e8872ca76104bbca4ee2b704a1b4) Importer(815301076,1909f56bfc062723c751e8b465ee728b)
Start importing Assets/ExampleAssets/Models/jigsaw_low.fbx using Guid(8b73e8872ca76104bbca4ee2b704a1b4) Importer(815301076,1909f56bfc062723c751e8b465ee728b)  -> (artifact id: '95510d061cf6dae34dc17f411ce0b35a') in 0.518833 seconds
  Import took 0.525180 seconds .

========================================================================
Received Import Request.
  Time since last request: 0.000551 seconds.
  path: Assets/ExampleAssets/Models/safetygoggles_low.fbx
  artifactKey: Guid(6296e48663fd7ad46b1a2af507f871cf) Importer(815301076,1909f56bfc062723c751e8b465ee728b)
Start importing Assets/ExampleAssets/Models/safetygoggles_low.fbx using Guid(6296e48663fd7ad46b1a2af507f871cf) Importer(815301076,1909f56bfc062723c751e8b465ee728b)  -> (artifact id: 'ef4d1ba88bc66d314a773fc270300ce0') in 0.323735 seconds
  Import took 0.327181 seconds .

========================================================================
Received Import Request.
  Time since last request: 0.000421 seconds.
  path: Assets/ExampleAssets/Models/paintbucket_low.fbx
  artifactKey: Guid(b451a052397f03c4f8a04d915d1c0492) Importer(815301076,1909f56bfc062723c751e8b465ee728b)
Start importing Assets/ExampleAssets/Models/paintbucket_low.fbx using Guid(b451a052397f03c4f8a04d915d1c0492) Importer(815301076,1909f56bfc062723c751e8b465ee728b)  -> (artifact id: 'd4178f58970602a05fc185a68cf8c7cf') in 0.078935 seconds
  Import took 0.082272 seconds .

========================================================================
Received Import Request.
  Time since last request: 0.000465 seconds.
  path: Assets/ExampleAssets/Models/hammer_low.fbx
  artifactKey: Guid(68a66fb5a71f8204a8dcb613c97d1fa8) Importer(815301076,1909f56bfc062723c751e8b465ee728b)
Start importing Assets/ExampleAssets/Models/hammer_low.fbx using Guid(68a66fb5a71f8204a8dcb613c97d1fa8) Importer(815301076,1909f56bfc062723c751e8b465ee728b)  -> (artifact id: '0371a39c2b89841dfc76e9adf152cba6') in 0.058202 seconds
  Import took 0.062121 seconds .

========================================================================
Received Import Request.
  Time since last request: 0.000324 seconds.
  path: Assets/ExampleAssets/Models/magneticlevel_low.fbx
  artifactKey: Guid(bae110eee250e4b418b188f4ae4e3170) Importer(815301076,1909f56bfc062723c751e8b465ee728b)
Start importing Assets/ExampleAssets/Models/magneticlevel_low.fbx using Guid(bae110eee250e4b418b188f4ae4e3170) Importer(815301076,1909f56bfc062723c751e8b465ee728b)  -> (artifact id: '29dc1f21eeb4620a9113aa1cc3ea5fb6') in 0.049834 seconds
  Import took 0.053463 seconds .

========================================================================
Received Import Request.
  Time since last request: 0.000343 seconds.
  path: Assets/ExampleAssets/Models/ConstructionLight_Low.fbx
  artifactKey: Guid(e3ae06a3979f53046aa05330d69de1fa) Importer(815301076,1909f56bfc062723c751e8b465ee728b)
Start importing Assets/ExampleAssets/Models/ConstructionLight_Low.fbx using Guid(e3ae06a3979f53046aa05330d69de1fa) Importer(815301076,1909f56bfc062723c751e8b465ee728b)  -> (artifact id: 'b039e57260b9f4769ff3ad552e4ebd2d') in 0.103167 seconds
  Import took 0.107017 seconds .

========================================================================
Received Import Request.
  Time since last request: 0.000440 seconds.
  path: Assets/ExampleAssets/Models/safetyhat_low.fbx
  artifactKey: Guid(9d0d902f71acfe646a46cb625f815a49) Importer(815301076,1909f56bfc062723c751e8b465ee728b)
Start importing Assets/ExampleAssets/Models/safetyhat_low.fbx using Guid(9d0d902f71acfe646a46cb625f815a49) Importer(815301076,1909f56bfc062723c751e8b465ee728b)  -> (artifact id: '27fc7791cd775311acc646dd1e923e58') in 0.028263 seconds
  Import took 0.032001 seconds .

========================================================================
Received Import Request.
  Time since last request: 0.000089 seconds.
  path: Assets/ExampleAssets/Models/small_plane.fbx
  artifactKey: Guid(aeaee610429f51f44981e141eb2a3545) Importer(815301076,1909f56bfc062723c751e8b465ee728b)
Start importing Assets/ExampleAssets/Models/small_plane.fbx using Guid(aeaee610429f51f44981e141eb2a3545) Importer(815301076,1909f56bfc062723c751e8b465ee728b)  -> (artifact id: '7e177cf27d18236cae207972c404d2c6') in 0.021153 seconds
  Import took 0.025430 seconds .

========================================================================
Received Import Request.
  Time since last request: 154.060117 seconds.
  path: Assets/ExampleAssets/Models/brush_low.fbx
  artifactKey: Guid(aed8c47425ab91f4eb06ce6fe47c3e4e) Importer(815301076,1909f56bfc062723c751e8b465ee728b)
Start importing Assets/ExampleAssets/Models/brush_low.fbx using Guid(aed8c47425ab91f4eb06ce6fe47c3e4e) Importer(815301076,1909f56bfc062723c751e8b465ee728b)  -> (artifact id: 'fe8c7f06b3f3a5be7e8e58913f43f64a') in 0.066213 seconds
  Import took 0.071501 seconds .

========================================================================
Received Prepare
Registering precompiled user dll's ...
Registered in 0.001172 seconds.
Begin MonoManager ReloadAssembly
Native extension for WindowsStandalone target not found
Native extension for WebGL target not found
Refreshing native plugins compatible for Editor in 0.37 ms, found 0 plugins.
Preloading 0 native plugins for Editor in 0.00 ms.
Invoked RoslynAnalysisRunner static constructor.
RoslynAnalysisRunner will not be running.
RoslynAnalysisRunner has terminated.
Mono: successfully reloaded assembly
- Completed reload, in  0.901 seconds
Platform modules already initialized, skipping
Shader 'Universal Render Pipeline/Particles/Lit': fallback shader 'Universal Render Pipeline/Particles/SimpleLit' not found
Shader 'Universal Render Pipeline/Particles/Lit': fallback shader 'Universal Render Pipeline/Particles/SimpleLit' not found
Refreshing native plugins compatible for Editor in 0.37 ms, found 0 plugins.
Preloading 0 native plugins for Editor in 0.00 ms.
Unloading 2353 Unused Serialized files (Serialized files now loaded: 0)
System memory in use before: 131.1 MB.
System memory in use after: 128.7 MB.

Unloading 48 unused Assets to reduce memory usage. Loaded Objects now: 3254.
Total: 6.119300 ms (FindLiveObjects: 0.458900 ms CreateObjectMapping: 0.194700 ms MarkObjects: 3.223400 ms  DeleteObjects: 2.240600 ms)

========================================================================
Received Prepare
Registering precompiled user dll's ...
Registered in 0.001147 seconds.
Begin MonoManager ReloadAssembly
Native extension for WindowsStandalone target not found
Native extension for WebGL target not found
Refreshing native plugins compatible for Editor in 0.37 ms, found 0 plugins.
Preloading 0 native plugins for Editor in 0.00 ms.
Invoked RoslynAnalysisRunner static constructor.
RoslynAnalysisRunner will not be running.
RoslynAnalysisRunner has terminated.
Mono: successfully reloaded assembly
- Completed reload, in  0.897 seconds
Platform modules already initialized, skipping
Shader 'Universal Render Pipeline/Particles/Lit': fallback shader 'Universal Render Pipeline/Particles/SimpleLit' not found
Shader 'Universal Render Pipeline/Particles/Lit': fallback shader 'Universal Render Pipeline/Particles/SimpleLit' not found
Refreshing native plugins compatible for Editor in 0.39 ms, found 0 plugins.
Preloading 0 native plugins for Editor in 0.00 ms.
Unloading 2353 Unused Serialized files (Serialized files now loaded: 0)
System memory in use before: 131.2 MB.
System memory in use after: 128.8 MB.

Unloading 48 unused Assets to reduce memory usage. Loaded Objects now: 3257.
Total: 4.040800 ms (FindLiveObjects: 0.288900 ms CreateObjectMapping: 0.117100 ms MarkObjects: 2.053400 ms  DeleteObjects: 1.580100 ms)

========================================================================
Received Prepare
Registering precompiled user dll's ...
Registered in 0.001089 seconds.
Begin MonoManager ReloadAssembly
Native extension for WindowsStandalone target not found
Native extension for WebGL target not found
Refreshing native plugins compatible for Editor in 0.37 ms, found 0 plugins.
Preloading 0 native plugins for Editor in 0.00 ms.
Invoked RoslynAnalysisRunner static constructor.
RoslynAnalysisRunner will not be running.
RoslynAnalysisRunner has terminated.
Mono: successfully reloaded assembly
- Completed reload, in  0.922 seconds
Platform modules already initialized, skipping
Shader 'Universal Render Pipeline/Particles/Lit': fallback shader 'Universal Render Pipeline/Particles/SimpleLit' not found
Shader 'Universal Render Pipeline/Particles/Lit': fallback shader 'Universal Render Pipeline/Particles/SimpleLit' not found
Refreshing native plugins compatible for Editor in 0.37 ms, found 0 plugins.
Preloading 0 native plugins for Editor in 0.00 ms.
Unloading 2353 Unused Serialized files (Serialized files now loaded: 0)
System memory in use before: 131.2 MB.
System memory in use after: 128.8 MB.

Unloading 48 unused Assets to reduce memory usage. Loaded Objects now: 3260.
Total: 4.255500 ms (FindLiveObjects: 0.379100 ms CreateObjectMapping: 0.273200 ms MarkObjects: 1.972200 ms  DeleteObjects: 1.629800 ms)

========================================================================
Received Prepare
Registering precompiled user dll's ...
Registered in 0.001129 seconds.
Begin MonoManager ReloadAssembly
Native extension for WindowsStandalone target not found
Native extension for WebGL target not found
Refreshing native plugins compatible for Editor in 0.37 ms, found 0 plugins.
Preloading 0 native plugins for Editor in 0.00 ms.
Invoked RoslynAnalysisRunner static constructor.
RoslynAnalysisRunner will not be running.
RoslynAnalysisRunner has terminated.
Mono: successfully reloaded assembly
- Completed reload, in  0.918 seconds
Platform modules already initialized, skipping
Shader 'Universal Render Pipeline/Particles/Lit': fallback shader 'Universal Render Pipeline/Particles/SimpleLit' not found
Shader 'Universal Render Pipeline/Particles/Lit': fallback shader 'Universal Render Pipeline/Particles/SimpleLit' not found
Refreshing native plugins compatible for Editor in 0.37 ms, found 0 plugins.
Preloading 0 native plugins for Editor in 0.00 ms.
Unloading 2353 Unused Serialized files (Serialized files now loaded: 0)
System memory in use before: 131.2 MB.
System memory in use after: 128.8 MB.

Unloading 48 unused Assets to reduce memory usage. Loaded Objects now: 3263.
Total: 4.287200 ms (FindLiveObjects: 0.414200 ms CreateObjectMapping: 0.136000 ms MarkObjects: 2.098000 ms  DeleteObjects: 1.637900 ms)

